{"D:\\Work\\UXGENIE\\MentorPath AI\\server\\app.js": {"path":"D:\\Work\\UXGENIE\\MentorPath AI\\server\\app.js","statementMap":{"0":{"start":{"line":1,"column":16},"end":{"line":1,"column":34}},"1":{"start":{"line":2,"column":13},"end":{"line":2,"column":28}},"2":{"start":{"line":3,"column":15},"end":{"line":3,"column":32}},"3":{"start":{"line":4,"column":20},"end":{"line":4,"column":42}},"4":{"start":{"line":5,"column":18},"end":{"line":5,"column":47}},"5":{"start":{"line":6,"column":18},"end":{"line":6,"column":46}},"6":{"start":{"line":7,"column":0},"end":{"line":7,"column":27}},"7":{"start":{"line":10,"column":17},"end":{"line":10,"column":39}},"8":{"start":{"line":11,"column":19},"end":{"line":11,"column":43}},"9":{"start":{"line":12,"column":18},"end":{"line":12,"column":42}},"10":{"start":{"line":14,"column":12},"end":{"line":14,"column":21}},"11":{"start":{"line":20,"column":0},"end":{"line":20,"column":18}},"12":{"start":{"line":21,"column":0},"end":{"line":21,"column":23}},"13":{"start":{"line":24,"column":16},"end":{"line":31,"column":2}},"14":{"start":{"line":32,"column":0},"end":{"line":32,"column":26}},"15":{"start":{"line":35,"column":0},"end":{"line":35,"column":41}},"16":{"start":{"line":36,"column":0},"end":{"line":36,"column":63}},"17":{"start":{"line":39,"column":0},"end":{"line":44,"column":4}},"18":{"start":{"line":47,"column":0},"end":{"line":55,"column":3}},"19":{"start":{"line":48,"column":2},"end":{"line":54,"column":5}},"20":{"start":{"line":58,"column":0},"end":{"line":58,"column":29}},"21":{"start":{"line":59,"column":0},"end":{"line":59,"column":33}},"22":{"start":{"line":60,"column":0},"end":{"line":60,"column":32}},"23":{"start":{"line":63,"column":0},"end":{"line":68,"column":3}},"24":{"start":{"line":64,"column":2},"end":{"line":67,"column":5}},"25":{"start":{"line":71,"column":0},"end":{"line":102,"column":3}},"26":{"start":{"line":72,"column":2},"end":{"line":72,"column":51}},"27":{"start":{"line":75,"column":2},"end":{"line":82,"column":3}},"28":{"start":{"line":76,"column":21},"end":{"line":76,"column":72}},"29":{"start":{"line":76,"column":60},"end":{"line":76,"column":71}},"30":{"start":{"line":77,"column":4},"end":{"line":81,"column":7}},"31":{"start":{"line":85,"column":2},"end":{"line":91,"column":3}},"32":{"start":{"line":86,"column":18},"end":{"line":86,"column":48}},"33":{"start":{"line":87,"column":4},"end":{"line":90,"column":7}},"34":{"start":{"line":94,"column":21},"end":{"line":94,"column":44}},"35":{"start":{"line":95,"column":18},"end":{"line":95,"column":58}},"36":{"start":{"line":97,"column":2},"end":{"line":101,"column":5}},"37":{"start":{"line":104,"column":0},"end":{"line":104,"column":21}}},"fnMap":{"0":{"name":"(anonymous_0)","decl":{"start":{"line":47,"column":23},"end":{"line":47,"column":24}},"loc":{"start":{"line":47,"column":37},"end":{"line":55,"column":1}},"line":47},"1":{"name":"(anonymous_1)","decl":{"start":{"line":63,"column":21},"end":{"line":63,"column":22}},"loc":{"start":{"line":63,"column":35},"end":{"line":68,"column":1}},"line":63},"2":{"name":"(anonymous_2)","decl":{"start":{"line":71,"column":8},"end":{"line":71,"column":9}},"loc":{"start":{"line":71,"column":35},"end":{"line":102,"column":1}},"line":71},"3":{"name":"(anonymous_3)","decl":{"start":{"line":76,"column":53},"end":{"line":76,"column":54}},"loc":{"start":{"line":76,"column":60},"end":{"line":76,"column":71}},"line":76}},"branchMap":{"0":{"loc":{"start":{"line":40,"column":10},"end":{"line":42,"column":56}},"type":"cond-expr","locations":[{"start":{"line":41,"column":6},"end":{"line":41,"column":32}},{"start":{"line":42,"column":6},"end":{"line":42,"column":56}}],"line":40},"1":{"loc":{"start":{"line":75,"column":2},"end":{"line":82,"column":3}},"type":"if","locations":[{"start":{"line":75,"column":2},"end":{"line":82,"column":3}},{"start":{},"end":{}}],"line":75},"2":{"loc":{"start":{"line":85,"column":2},"end":{"line":91,"column":3}},"type":"if","locations":[{"start":{"line":85,"column":2},"end":{"line":91,"column":3}},{"start":{},"end":{}}],"line":85},"3":{"loc":{"start":{"line":94,"column":21},"end":{"line":94,"column":44}},"type":"binary-expr","locations":[{"start":{"line":94,"column":21},"end":{"line":94,"column":37}},{"start":{"line":94,"column":41},"end":{"line":94,"column":44}}],"line":94},"4":{"loc":{"start":{"line":95,"column":18},"end":{"line":95,"column":58}},"type":"binary-expr","locations":[{"start":{"line":95,"column":18},"end":{"line":95,"column":31}},{"start":{"line":95,"column":35},"end":{"line":95,"column":58}}],"line":95},"5":{"loc":{"start":{"line":100,"column":8},"end":{"line":100,"column":72}},"type":"binary-expr","locations":[{"start":{"line":100,"column":8},"end":{"line":100,"column":46}},{"start":{"line":100,"column":50},"end":{"line":100,"column":72}}],"line":100}},"s":{"0":3,"1":3,"2":3,"3":3,"4":3,"5":3,"6":3,"7":3,"8":3,"9":3,"10":3,"11":3,"12":3,"13":3,"14":3,"15":3,"16":3,"17":3,"18":3,"19":0,"20":3,"21":3,"22":3,"23":3,"24":1,"25":3,"26":0,"27":0,"28":0,"29":0,"30":0,"31":0,"32":0,"33":0,"34":0,"35":0,"36":0,"37":3},"f":{"0":0,"1":1,"2":0,"3":0},"b":{"0":[0,3],"1":[0,0],"2":[0,0],"3":[0,0],"4":[0,0],"5":[0,0]},"_coverageSchema":"1a1c01bbd47fc00a2c39e90264f33305004495a9","hash":"0712e214a52864b0d29d84c9dc19889d6647b12c"}
,"D:\\Work\\UXGENIE\\MentorPath AI\\server\\config\\database.js": {"path":"D:\\Work\\UXGENIE\\MentorPath AI\\server\\config\\database.js","statementMap":{"0":{"start":{"line":1,"column":17},"end":{"line":1,"column":36}},"1":{"start":{"line":3,"column":18},"end":{"line":32,"column":1}},"2":{"start":{"line":4,"column":2},"end":{"line":31,"column":3}},"3":{"start":{"line":5,"column":17},"end":{"line":8,"column":6}},"4":{"start":{"line":10,"column":4},"end":{"line":10,"column":64}},"5":{"start":{"line":13,"column":4},"end":{"line":15,"column":7}},"6":{"start":{"line":14,"column":6},"end":{"line":14,"column":56}},"7":{"start":{"line":17,"column":4},"end":{"line":19,"column":7}},"8":{"start":{"line":18,"column":6},"end":{"line":18,"column":45}},"9":{"start":{"line":22,"column":4},"end":{"line":26,"column":7}},"10":{"start":{"line":23,"column":6},"end":{"line":23,"column":40}},"11":{"start":{"line":24,"column":6},"end":{"line":24,"column":74}},"12":{"start":{"line":25,"column":6},"end":{"line":25,"column":22}},"13":{"start":{"line":29,"column":4},"end":{"line":29,"column":58}},"14":{"start":{"line":30,"column":4},"end":{"line":30,"column":20}},"15":{"start":{"line":34,"column":0},"end":{"line":34,"column":27}}},"fnMap":{"0":{"name":"(anonymous_0)","decl":{"start":{"line":3,"column":18},"end":{"line":3,"column":19}},"loc":{"start":{"line":3,"column":30},"end":{"line":32,"column":1}},"line":3},"1":{"name":"(anonymous_1)","decl":{"start":{"line":13,"column":36},"end":{"line":13,"column":37}},"loc":{"start":{"line":13,"column":45},"end":{"line":15,"column":5}},"line":13},"2":{"name":"(anonymous_2)","decl":{"start":{"line":17,"column":43},"end":{"line":17,"column":44}},"loc":{"start":{"line":17,"column":49},"end":{"line":19,"column":5}},"line":17},"3":{"name":"(anonymous_3)","decl":{"start":{"line":22,"column":25},"end":{"line":22,"column":26}},"loc":{"start":{"line":22,"column":37},"end":{"line":26,"column":5}},"line":22}},"branchMap":{},"s":{"0":3,"1":3,"2":0,"3":0,"4":0,"5":0,"6":0,"7":0,"8":0,"9":0,"10":0,"11":0,"12":0,"13":0,"14":0,"15":3},"f":{"0":0,"1":0,"2":0,"3":0},"b":{},"_coverageSchema":"1a1c01bbd47fc00a2c39e90264f33305004495a9","hash":"03b2786d8b5054c3242651963e0ab37581607b3c"}
,"D:\\Work\\UXGENIE\\MentorPath AI\\server\\controllers\\chatController.js": {"path":"D:\\Work\\UXGENIE\\MentorPath AI\\server\\controllers\\chatController.js","statementMap":{"0":{"start":{"line":1,"column":13},"end":{"line":1,"column":38}},"1":{"start":{"line":2,"column":18},"end":{"line":2,"column":50}},"2":{"start":{"line":4,"column":0},"end":{"line":70,"column":2}},"3":{"start":{"line":5,"column":2},"end":{"line":69,"column":3}},"4":{"start":{"line":6,"column":49},"end":{"line":6,"column":57}},"5":{"start":{"line":7,"column":22},"end":{"line":7,"column":32}},"6":{"start":{"line":12,"column":4},"end":{"line":14,"column":5}},"7":{"start":{"line":13,"column":6},"end":{"line":13,"column":54}},"8":{"start":{"line":16,"column":4},"end":{"line":25,"column":5}},"9":{"start":{"line":17,"column":27},"end":{"line":17,"column":51}},"10":{"start":{"line":18,"column":6},"end":{"line":24,"column":9}},"11":{"start":{"line":28,"column":4},"end":{"line":28,"column":50}},"12":{"start":{"line":31,"column":32},"end":{"line":31,"column":65}},"13":{"start":{"line":32,"column":23},"end":{"line":36,"column":5}},"14":{"start":{"line":38,"column":25},"end":{"line":38,"column":47}},"15":{"start":{"line":41,"column":4},"end":{"line":44,"column":7}},"16":{"start":{"line":47,"column":4},"end":{"line":49,"column":42}},"17":{"start":{"line":51,"column":4},"end":{"line":51,"column":29}},"18":{"start":{"line":53,"column":4},"end":{"line":61,"column":7}},"19":{"start":{"line":64,"column":4},"end":{"line":64,"column":40}},"20":{"start":{"line":65,"column":4},"end":{"line":68,"column":7}},"21":{"start":{"line":72,"column":0},"end":{"line":98,"column":2}},"22":{"start":{"line":73,"column":2},"end":{"line":97,"column":3}},"23":{"start":{"line":74,"column":26},"end":{"line":74,"column":36}},"24":{"start":{"line":76,"column":24},"end":{"line":76,"column":57}},"25":{"start":{"line":78,"column":4},"end":{"line":83,"column":5}},"26":{"start":{"line":79,"column":6},"end":{"line":82,"column":9}},"27":{"start":{"line":85,"column":4},"end":{"line":90,"column":7}},"28":{"start":{"line":92,"column":4},"end":{"line":92,"column":47}},"29":{"start":{"line":93,"column":4},"end":{"line":96,"column":7}},"30":{"start":{"line":100,"column":0},"end":{"line":123,"column":2}},"31":{"start":{"line":101,"column":2},"end":{"line":122,"column":3}},"32":{"start":{"line":102,"column":35},"end":{"line":102,"column":43}},"33":{"start":{"line":104,"column":22},"end":{"line":108,"column":5}},"34":{"start":{"line":110,"column":4},"end":{"line":115,"column":7}},"35":{"start":{"line":117,"column":4},"end":{"line":117,"column":54}},"36":{"start":{"line":118,"column":4},"end":{"line":121,"column":7}},"37":{"start":{"line":125,"column":0},"end":{"line":160,"column":2}},"38":{"start":{"line":126,"column":2},"end":{"line":159,"column":3}},"39":{"start":{"line":127,"column":26},"end":{"line":127,"column":36}},"40":{"start":{"line":128,"column":49},"end":{"line":128,"column":57}},"41":{"start":{"line":130,"column":24},"end":{"line":130,"column":57}},"42":{"start":{"line":132,"column":4},"end":{"line":137,"column":5}},"43":{"start":{"line":133,"column":6},"end":{"line":136,"column":9}},"44":{"start":{"line":140,"column":4},"end":{"line":140,"column":41}},"45":{"start":{"line":140,"column":15},"end":{"line":140,"column":41}},"46":{"start":{"line":141,"column":4},"end":{"line":141,"column":38}},"47":{"start":{"line":141,"column":14},"end":{"line":141,"column":38}},"48":{"start":{"line":142,"column":4},"end":{"line":142,"column":56}},"49":{"start":{"line":142,"column":20},"end":{"line":142,"column":56}},"50":{"start":{"line":143,"column":4},"end":{"line":143,"column":47}},"51":{"start":{"line":143,"column":17},"end":{"line":143,"column":47}},"52":{"start":{"line":145,"column":4},"end":{"line":145,"column":29}},"53":{"start":{"line":147,"column":4},"end":{"line":152,"column":7}},"54":{"start":{"line":154,"column":4},"end":{"line":154,"column":50}},"55":{"start":{"line":155,"column":4},"end":{"line":158,"column":7}},"56":{"start":{"line":162,"column":0},"end":{"line":188,"column":2}},"57":{"start":{"line":163,"column":2},"end":{"line":187,"column":3}},"58":{"start":{"line":164,"column":26},"end":{"line":164,"column":36}},"59":{"start":{"line":166,"column":24},"end":{"line":166,"column":57}},"60":{"start":{"line":168,"column":4},"end":{"line":173,"column":5}},"61":{"start":{"line":169,"column":6},"end":{"line":172,"column":9}},"62":{"start":{"line":175,"column":4},"end":{"line":175,"column":50}},"63":{"start":{"line":177,"column":4},"end":{"line":180,"column":7}},"64":{"start":{"line":182,"column":4},"end":{"line":182,"column":50}},"65":{"start":{"line":183,"column":4},"end":{"line":186,"column":7}}},"fnMap":{"0":{"name":"(anonymous_0)","decl":{"start":{"line":4,"column":22},"end":{"line":4,"column":23}},"loc":{"start":{"line":4,"column":42},"end":{"line":70,"column":1}},"line":4},"1":{"name":"(anonymous_1)","decl":{"start":{"line":72,"column":21},"end":{"line":72,"column":22}},"loc":{"start":{"line":72,"column":41},"end":{"line":98,"column":1}},"line":72},"2":{"name":"(anonymous_2)","decl":{"start":{"line":100,"column":28},"end":{"line":100,"column":29}},"loc":{"start":{"line":100,"column":48},"end":{"line":123,"column":1}},"line":100},"3":{"name":"(anonymous_3)","decl":{"start":{"line":125,"column":24},"end":{"line":125,"column":25}},"loc":{"start":{"line":125,"column":44},"end":{"line":160,"column":1}},"line":125},"4":{"name":"(anonymous_4)","decl":{"start":{"line":162,"column":24},"end":{"line":162,"column":25}},"loc":{"start":{"line":162,"column":44},"end":{"line":188,"column":1}},"line":162}},"branchMap":{"0":{"loc":{"start":{"line":6,"column":32},"end":{"line":6,"column":44}},"type":"default-arg","locations":[{"start":{"line":6,"column":42},"end":{"line":6,"column":44}}],"line":6},"1":{"loc":{"start":{"line":12,"column":4},"end":{"line":14,"column":5}},"type":"if","locations":[{"start":{"line":12,"column":4},"end":{"line":14,"column":5}},{"start":{},"end":{}}],"line":12},"2":{"loc":{"start":{"line":16,"column":4},"end":{"line":25,"column":5}},"type":"if","locations":[{"start":{"line":16,"column":4},"end":{"line":25,"column":5}},{"start":{},"end":{}}],"line":16},"3":{"loc":{"start":{"line":20,"column":43},"end":{"line":20,"column":75}},"type":"cond-expr","locations":[{"start":{"line":20,"column":65},"end":{"line":20,"column":70}},{"start":{"line":20,"column":73},"end":{"line":20,"column":75}}],"line":20},"4":{"loc":{"start":{"line":21,"column":14},"end":{"line":21,"column":37}},"type":"binary-expr","locations":[{"start":{"line":21,"column":14},"end":{"line":21,"column":26}},{"start":{"line":21,"column":30},"end":{"line":21,"column":37}}],"line":21},"5":{"loc":{"start":{"line":23,"column":20},"end":{"line":23,"column":47}},"type":"binary-expr","locations":[{"start":{"line":23,"column":20},"end":{"line":23,"column":38}},{"start":{"line":23,"column":42},"end":{"line":23,"column":47}}],"line":23},"6":{"loc":{"start":{"line":48,"column":8},"end":{"line":48,"column":54}},"type":"binary-expr","locations":[{"start":{"line":48,"column":8},"end":{"line":48,"column":49}},{"start":{"line":48,"column":53},"end":{"line":48,"column":54}}],"line":48},"7":{"loc":{"start":{"line":67,"column":15},"end":{"line":67,"column":63}},"type":"binary-expr","locations":[{"start":{"line":67,"column":15},"end":{"line":67,"column":28}},{"start":{"line":67,"column":32},"end":{"line":67,"column":63}}],"line":67},"8":{"loc":{"start":{"line":78,"column":4},"end":{"line":83,"column":5}},"type":"if","locations":[{"start":{"line":78,"column":4},"end":{"line":83,"column":5}},{"start":{},"end":{}}],"line":78},"9":{"loc":{"start":{"line":105,"column":6},"end":{"line":105,"column":34}},"type":"binary-expr","locations":[{"start":{"line":105,"column":6},"end":{"line":105,"column":10}},{"start":{"line":105,"column":14},"end":{"line":105,"column":34}}],"line":105},"10":{"loc":{"start":{"line":106,"column":6},"end":{"line":106,"column":20}},"type":"binary-expr","locations":[{"start":{"line":106,"column":6},"end":{"line":106,"column":11}},{"start":{"line":106,"column":15},"end":{"line":106,"column":20}}],"line":106},"11":{"loc":{"start":{"line":107,"column":6},"end":{"line":107,"column":16}},"type":"binary-expr","locations":[{"start":{"line":107,"column":6},"end":{"line":107,"column":11}},{"start":{"line":107,"column":15},"end":{"line":107,"column":16}}],"line":107},"12":{"loc":{"start":{"line":132,"column":4},"end":{"line":137,"column":5}},"type":"if","locations":[{"start":{"line":132,"column":4},"end":{"line":137,"column":5}},{"start":{},"end":{}}],"line":132},"13":{"loc":{"start":{"line":140,"column":4},"end":{"line":140,"column":41}},"type":"if","locations":[{"start":{"line":140,"column":4},"end":{"line":140,"column":41}},{"start":{},"end":{}}],"line":140},"14":{"loc":{"start":{"line":141,"column":4},"end":{"line":141,"column":38}},"type":"if","locations":[{"start":{"line":141,"column":4},"end":{"line":141,"column":38}},{"start":{},"end":{}}],"line":141},"15":{"loc":{"start":{"line":142,"column":4},"end":{"line":142,"column":56}},"type":"if","locations":[{"start":{"line":142,"column":4},"end":{"line":142,"column":56}},{"start":{},"end":{}}],"line":142},"16":{"loc":{"start":{"line":143,"column":4},"end":{"line":143,"column":47}},"type":"if","locations":[{"start":{"line":143,"column":4},"end":{"line":143,"column":47}},{"start":{},"end":{}}],"line":143},"17":{"loc":{"start":{"line":168,"column":4},"end":{"line":173,"column":5}},"type":"if","locations":[{"start":{"line":168,"column":4},"end":{"line":173,"column":5}},{"start":{},"end":{}}],"line":168}},"s":{"0":3,"1":3,"2":3,"3":4,"4":4,"5":4,"6":4,"7":1,"8":4,"9":3,"10":3,"11":4,"12":4,"13":4,"14":4,"15":4,"16":4,"17":4,"18":4,"19":0,"20":0,"21":3,"22":0,"23":0,"24":0,"25":0,"26":0,"27":0,"28":0,"29":0,"30":3,"31":0,"32":0,"33":0,"34":0,"35":0,"36":0,"37":3,"38":0,"39":0,"40":0,"41":0,"42":0,"43":0,"44":0,"45":0,"46":0,"47":0,"48":0,"49":0,"50":0,"51":0,"52":0,"53":0,"54":0,"55":0,"56":3,"57":0,"58":0,"59":0,"60":0,"61":0,"62":0,"63":0,"64":0,"65":0},"f":{"0":4,"1":0,"2":0,"3":0,"4":0},"b":{"0":[4],"1":[1,3],"2":[3,1],"3":[0,3],"4":[3,3],"5":[3,3],"6":[4,3],"7":[0,0],"8":[0,0],"9":[0,0],"10":[0,0],"11":[0,0],"12":[0,0],"13":[0,0],"14":[0,0],"15":[0,0],"16":[0,0],"17":[0,0]},"_coverageSchema":"1a1c01bbd47fc00a2c39e90264f33305004495a9","hash":"e98b56ac4d14e9394fa32664ff2ce287045a3ef2"}
,"D:\\Work\\UXGENIE\\MentorPath AI\\server\\controllers\\cvController.js": {"path":"D:\\Work\\UXGENIE\\MentorPath AI\\server\\controllers\\cvController.js","statementMap":{"0":{"start":{"line":1,"column":11},"end":{"line":1,"column":34}},"1":{"start":{"line":2,"column":18},"end":{"line":2,"column":50}},"2":{"start":{"line":3,"column":20},"end":{"line":3,"column":54}},"3":{"start":{"line":4,"column":13},"end":{"line":4,"column":28}},"4":{"start":{"line":6,"column":0},"end":{"line":81,"column":2}},"5":{"start":{"line":7,"column":2},"end":{"line":80,"column":3}},"6":{"start":{"line":8,"column":4},"end":{"line":13,"column":5}},"7":{"start":{"line":9,"column":6},"end":{"line":12,"column":9}},"8":{"start":{"line":15,"column":22},"end":{"line":15,"column":32}},"9":{"start":{"line":18,"column":26},"end":{"line":21,"column":5}},"10":{"start":{"line":23,"column":4},"end":{"line":29,"column":5}},"11":{"start":{"line":24,"column":6},"end":{"line":24,"column":51}},"12":{"start":{"line":25,"column":6},"end":{"line":28,"column":9}},"13":{"start":{"line":32,"column":21},"end":{"line":32,"column":61}},"14":{"start":{"line":33,"column":27},"end":{"line":33,"column":49}},"15":{"start":{"line":36,"column":22},"end":{"line":36,"column":44}},"16":{"start":{"line":39,"column":21},"end":{"line":50,"column":6}},"17":{"start":{"line":52,"column":4},"end":{"line":52,"column":26}},"18":{"start":{"line":55,"column":29},"end":{"line":55,"column":79}},"19":{"start":{"line":57,"column":4},"end":{"line":66,"column":7}},"20":{"start":{"line":69,"column":4},"end":{"line":69,"column":45}},"21":{"start":{"line":72,"column":4},"end":{"line":74,"column":5}},"22":{"start":{"line":73,"column":6},"end":{"line":73,"column":51}},"23":{"start":{"line":76,"column":4},"end":{"line":79,"column":7}},"24":{"start":{"line":83,"column":0},"end":{"line":109,"column":2}},"25":{"start":{"line":84,"column":2},"end":{"line":108,"column":3}},"26":{"start":{"line":85,"column":26},"end":{"line":85,"column":36}},"27":{"start":{"line":87,"column":15},"end":{"line":87,"column":46}},"28":{"start":{"line":89,"column":4},"end":{"line":94,"column":5}},"29":{"start":{"line":90,"column":6},"end":{"line":93,"column":9}},"30":{"start":{"line":96,"column":4},"end":{"line":101,"column":7}},"31":{"start":{"line":103,"column":4},"end":{"line":103,"column":51}},"32":{"start":{"line":104,"column":4},"end":{"line":107,"column":7}},"33":{"start":{"line":111,"column":0},"end":{"line":133,"column":2}},"34":{"start":{"line":112,"column":2},"end":{"line":132,"column":3}},"35":{"start":{"line":113,"column":26},"end":{"line":113,"column":36}},"36":{"start":{"line":115,"column":16},"end":{"line":117,"column":66}},"37":{"start":{"line":119,"column":4},"end":{"line":125,"column":7}},"38":{"start":{"line":127,"column":4},"end":{"line":127,"column":51}},"39":{"start":{"line":128,"column":4},"end":{"line":131,"column":7}},"40":{"start":{"line":135,"column":0},"end":{"line":168,"column":2}},"41":{"start":{"line":136,"column":2},"end":{"line":167,"column":3}},"42":{"start":{"line":137,"column":32},"end":{"line":137,"column":42}},"43":{"start":{"line":139,"column":15},"end":{"line":142,"column":6}},"44":{"start":{"line":144,"column":4},"end":{"line":149,"column":5}},"45":{"start":{"line":145,"column":6},"end":{"line":148,"column":9}},"46":{"start":{"line":152,"column":4},"end":{"line":152,"column":47}},"47":{"start":{"line":155,"column":4},"end":{"line":155,"column":37}},"48":{"start":{"line":157,"column":4},"end":{"line":160,"column":7}},"49":{"start":{"line":162,"column":4},"end":{"line":162,"column":54}},"50":{"start":{"line":163,"column":4},"end":{"line":166,"column":7}},"51":{"start":{"line":175,"column":23},"end":{"line":175,"column":109}},"52":{"start":{"line":176,"column":25},"end":{"line":176,"column":65}},"53":{"start":{"line":176,"column":54},"end":{"line":176,"column":64}},"54":{"start":{"line":177,"column":24},"end":{"line":179,"column":3}},"55":{"start":{"line":178,"column":4},"end":{"line":178,"column":35}},"56":{"start":{"line":181,"column":26},"end":{"line":189,"column":5}},"57":{"start":{"line":181,"column":54},"end":{"line":189,"column":3}},"58":{"start":{"line":191,"column":2},"end":{"line":216,"column":4}},"59":{"start":{"line":193,"column":47},"end":{"line":198,"column":5}}},"fnMap":{"0":{"name":"(anonymous_0)","decl":{"start":{"line":6,"column":19},"end":{"line":6,"column":20}},"loc":{"start":{"line":6,"column":39},"end":{"line":81,"column":1}},"line":6},"1":{"name":"(anonymous_1)","decl":{"start":{"line":83,"column":24},"end":{"line":83,"column":25}},"loc":{"start":{"line":83,"column":44},"end":{"line":109,"column":1}},"line":83},"2":{"name":"(anonymous_2)","decl":{"start":{"line":111,"column":24},"end":{"line":111,"column":25}},"loc":{"start":{"line":111,"column":44},"end":{"line":133,"column":1}},"line":111},"3":{"name":"(anonymous_3)","decl":{"start":{"line":135,"column":27},"end":{"line":135,"column":28}},"loc":{"start":{"line":135,"column":47},"end":{"line":168,"column":1}},"line":135},"4":{"name":"enhanceAnalysis","decl":{"start":{"line":171,"column":15},"end":{"line":171,"column":30}},"loc":{"start":{"line":171,"column":47},"end":{"line":217,"column":1}},"line":171},"5":{"name":"(anonymous_5)","decl":{"start":{"line":176,"column":45},"end":{"line":176,"column":46}},"loc":{"start":{"line":176,"column":54},"end":{"line":176,"column":64}},"line":176},"6":{"name":"(anonymous_6)","decl":{"start":{"line":177,"column":44},"end":{"line":177,"column":45}},"loc":{"start":{"line":178,"column":4},"end":{"line":178,"column":35}},"line":178},"7":{"name":"(anonymous_7)","decl":{"start":{"line":181,"column":44},"end":{"line":181,"column":45}},"loc":{"start":{"line":181,"column":54},"end":{"line":189,"column":3}},"line":181},"8":{"name":"(anonymous_8)","decl":{"start":{"line":193,"column":37},"end":{"line":193,"column":38}},"loc":{"start":{"line":193,"column":47},"end":{"line":198,"column":5}},"line":193}},"branchMap":{"0":{"loc":{"start":{"line":8,"column":4},"end":{"line":13,"column":5}},"type":"if","locations":[{"start":{"line":8,"column":4},"end":{"line":13,"column":5}},{"start":{},"end":{}}],"line":8},"1":{"loc":{"start":{"line":23,"column":4},"end":{"line":29,"column":5}},"type":"if","locations":[{"start":{"line":23,"column":4},"end":{"line":29,"column":5}},{"start":{},"end":{}}],"line":23},"2":{"loc":{"start":{"line":23,"column":8},"end":{"line":23,"column":59}},"type":"binary-expr","locations":[{"start":{"line":23,"column":8},"end":{"line":23,"column":22}},{"start":{"line":23,"column":26},"end":{"line":23,"column":59}}],"line":23},"3":{"loc":{"start":{"line":72,"column":4},"end":{"line":74,"column":5}},"type":"if","locations":[{"start":{"line":72,"column":4},"end":{"line":74,"column":5}},{"start":{},"end":{}}],"line":72},"4":{"loc":{"start":{"line":78,"column":15},"end":{"line":78,"column":53}},"type":"binary-expr","locations":[{"start":{"line":78,"column":15},"end":{"line":78,"column":28}},{"start":{"line":78,"column":32},"end":{"line":78,"column":53}}],"line":78},"5":{"loc":{"start":{"line":89,"column":4},"end":{"line":94,"column":5}},"type":"if","locations":[{"start":{"line":89,"column":4},"end":{"line":94,"column":5}},{"start":{},"end":{}}],"line":89},"6":{"loc":{"start":{"line":144,"column":4},"end":{"line":149,"column":5}},"type":"if","locations":[{"start":{"line":144,"column":4},"end":{"line":149,"column":5}},{"start":{},"end":{}}],"line":144}},"s":{"0":3,"1":3,"2":3,"3":3,"4":3,"5":1,"6":1,"7":1,"8":0,"9":0,"10":0,"11":0,"12":0,"13":0,"14":0,"15":0,"16":0,"17":0,"18":0,"19":0,"20":0,"21":0,"22":0,"23":0,"24":3,"25":0,"26":0,"27":0,"28":0,"29":0,"30":0,"31":0,"32":0,"33":3,"34":0,"35":0,"36":0,"37":0,"38":0,"39":0,"40":3,"41":0,"42":0,"43":0,"44":0,"45":0,"46":0,"47":0,"48":0,"49":0,"50":0,"51":0,"52":0,"53":0,"54":0,"55":0,"56":0,"57":0,"58":0,"59":0},"f":{"0":1,"1":0,"2":0,"3":0,"4":0,"5":0,"6":0,"7":0,"8":0},"b":{"0":[1,0],"1":[0,0],"2":[0,0],"3":[0,0],"4":[0,0],"5":[0,0],"6":[0,0]},"_coverageSchema":"1a1c01bbd47fc00a2c39e90264f33305004495a9","hash":"e4a950b1e2b357bb2059dad3bd4ab81f2e2db5b9"}
,"D:\\Work\\UXGENIE\\MentorPath AI\\server\\controllers\\jobController.js": {"path":"D:\\Work\\UXGENIE\\MentorPath AI\\server\\controllers\\jobController.js","statementMap":{"0":{"start":{"line":1,"column":12},"end":{"line":1,"column":36}},"1":{"start":{"line":2,"column":11},"end":{"line":2,"column":34}},"2":{"start":{"line":4,"column":0},"end":{"line":110,"column":2}},"3":{"start":{"line":5,"column":2},"end":{"line":109,"column":3}},"4":{"start":{"line":19,"column":8},"end":{"line":19,"column":17}},"5":{"start":{"line":22,"column":19},"end":{"line":22,"column":37}},"6":{"start":{"line":25,"column":4},"end":{"line":27,"column":5}},"7":{"start":{"line":26,"column":6},"end":{"line":26,"column":41}},"8":{"start":{"line":30,"column":4},"end":{"line":32,"column":5}},"9":{"start":{"line":31,"column":6},"end":{"line":31,"column":50}},"10":{"start":{"line":35,"column":4},"end":{"line":37,"column":5}},"11":{"start":{"line":36,"column":6},"end":{"line":36,"column":42}},"12":{"start":{"line":40,"column":4},"end":{"line":42,"column":5}},"13":{"start":{"line":41,"column":6},"end":{"line":41,"column":25}},"14":{"start":{"line":45,"column":4},"end":{"line":47,"column":5}},"15":{"start":{"line":46,"column":6},"end":{"line":46,"column":27}},"16":{"start":{"line":50,"column":4},"end":{"line":52,"column":5}},"17":{"start":{"line":51,"column":6},"end":{"line":51,"column":33}},"18":{"start":{"line":55,"column":4},"end":{"line":64,"column":5}},"19":{"start":{"line":56,"column":27},"end":{"line":56,"column":29}},"20":{"start":{"line":57,"column":6},"end":{"line":57,"column":61}},"21":{"start":{"line":57,"column":21},"end":{"line":57,"column":61}},"22":{"start":{"line":58,"column":6},"end":{"line":58,"column":61}},"23":{"start":{"line":58,"column":21},"end":{"line":58,"column":61}},"24":{"start":{"line":60,"column":6},"end":{"line":63,"column":8}},"25":{"start":{"line":67,"column":17},"end":{"line":67,"column":35}},"26":{"start":{"line":68,"column":17},"end":{"line":68,"column":60}},"27":{"start":{"line":71,"column":17},"end":{"line":74,"column":29}},"28":{"start":{"line":76,"column":18},"end":{"line":76,"column":50}},"29":{"start":{"line":79,"column":4},"end":{"line":81,"column":6}},"30":{"start":{"line":80,"column":22},"end":{"line":80,"column":42}},"31":{"start":{"line":83,"column":4},"end":{"line":102,"column":7}},"32":{"start":{"line":104,"column":4},"end":{"line":104,"column":44}},"33":{"start":{"line":105,"column":4},"end":{"line":108,"column":7}},"34":{"start":{"line":112,"column":0},"end":{"line":139,"column":2}},"35":{"start":{"line":113,"column":2},"end":{"line":138,"column":3}},"36":{"start":{"line":114,"column":16},"end":{"line":114,"column":49}},"37":{"start":{"line":116,"column":4},"end":{"line":121,"column":5}},"38":{"start":{"line":117,"column":6},"end":{"line":120,"column":9}},"39":{"start":{"line":124,"column":4},"end":{"line":124,"column":31}},"40":{"start":{"line":126,"column":4},"end":{"line":131,"column":7}},"41":{"start":{"line":133,"column":4},"end":{"line":133,"column":43}},"42":{"start":{"line":134,"column":4},"end":{"line":137,"column":7}},"43":{"start":{"line":141,"column":0},"end":{"line":190,"column":2}},"44":{"start":{"line":142,"column":2},"end":{"line":189,"column":3}},"45":{"start":{"line":143,"column":26},"end":{"line":143,"column":35}},"46":{"start":{"line":144,"column":26},"end":{"line":144,"column":28}},"47":{"start":{"line":146,"column":4},"end":{"line":167,"column":5}},"48":{"start":{"line":148,"column":23},"end":{"line":149,"column":35}},"49":{"start":{"line":151,"column":6},"end":{"line":166,"column":7}},"50":{"start":{"line":153,"column":27},"end":{"line":153,"column":76}},"51":{"start":{"line":153,"column":65},"end":{"line":153,"column":75}},"52":{"start":{"line":156,"column":8},"end":{"line":165,"column":65}},"53":{"start":{"line":170,"column":4},"end":{"line":175,"column":5}},"54":{"start":{"line":171,"column":6},"end":{"line":174,"column":65}},"55":{"start":{"line":177,"column":4},"end":{"line":182,"column":7}},"56":{"start":{"line":184,"column":4},"end":{"line":184,"column":56}},"57":{"start":{"line":185,"column":4},"end":{"line":188,"column":7}},"58":{"start":{"line":192,"column":0},"end":{"line":237,"column":2}},"59":{"start":{"line":193,"column":2},"end":{"line":236,"column":3}},"60":{"start":{"line":194,"column":18},"end":{"line":207,"column":6}},"61":{"start":{"line":210,"column":27},"end":{"line":222,"column":5}},"62":{"start":{"line":224,"column":4},"end":{"line":229,"column":7}},"63":{"start":{"line":231,"column":4},"end":{"line":231,"column":49}},"64":{"start":{"line":232,"column":4},"end":{"line":235,"column":7}},"65":{"start":{"line":239,"column":0},"end":{"line":276,"column":2}},"66":{"start":{"line":240,"column":2},"end":{"line":275,"column":3}},"67":{"start":{"line":241,"column":36},"end":{"line":241,"column":45}},"68":{"start":{"line":243,"column":19},"end":{"line":243,"column":37}},"69":{"start":{"line":245,"column":4},"end":{"line":247,"column":5}},"70":{"start":{"line":246,"column":6},"end":{"line":246,"column":36}},"71":{"start":{"line":249,"column":4},"end":{"line":251,"column":5}},"72":{"start":{"line":250,"column":6},"end":{"line":250,"column":50}},"73":{"start":{"line":253,"column":4},"end":{"line":255,"column":5}},"74":{"start":{"line":254,"column":6},"end":{"line":254,"column":42}},"75":{"start":{"line":257,"column":17},"end":{"line":260,"column":62}},"76":{"start":{"line":262,"column":4},"end":{"line":268,"column":7}},"77":{"start":{"line":270,"column":4},"end":{"line":270,"column":47}},"78":{"start":{"line":271,"column":4},"end":{"line":274,"column":7}},"79":{"start":{"line":280,"column":2},"end":{"line":283,"column":9}},"80":{"start":{"line":281,"column":4},"end":{"line":281,"column":37}},"81":{"start":{"line":282,"column":4},"end":{"line":282,"column":15}}},"fnMap":{"0":{"name":"(anonymous_0)","decl":{"start":{"line":4,"column":18},"end":{"line":4,"column":19}},"loc":{"start":{"line":4,"column":38},"end":{"line":110,"column":1}},"line":4},"1":{"name":"(anonymous_1)","decl":{"start":{"line":80,"column":15},"end":{"line":80,"column":16}},"loc":{"start":{"line":80,"column":22},"end":{"line":80,"column":42}},"line":80},"2":{"name":"(anonymous_2)","decl":{"start":{"line":112,"column":17},"end":{"line":112,"column":18}},"loc":{"start":{"line":112,"column":37},"end":{"line":139,"column":1}},"line":112},"3":{"name":"(anonymous_3)","decl":{"start":{"line":141,"column":29},"end":{"line":141,"column":30}},"loc":{"start":{"line":141,"column":49},"end":{"line":190,"column":1}},"line":141},"4":{"name":"(anonymous_4)","decl":{"start":{"line":153,"column":56},"end":{"line":153,"column":57}},"loc":{"start":{"line":153,"column":65},"end":{"line":153,"column":75}},"line":153},"5":{"name":"(anonymous_5)","decl":{"start":{"line":192,"column":22},"end":{"line":192,"column":23}},"loc":{"start":{"line":192,"column":42},"end":{"line":237,"column":1}},"line":192},"6":{"name":"(anonymous_6)","decl":{"start":{"line":239,"column":21},"end":{"line":239,"column":22}},"loc":{"start":{"line":239,"column":41},"end":{"line":276,"column":1}},"line":239},"7":{"name":"countDistribution","decl":{"start":{"line":279,"column":9},"end":{"line":279,"column":26}},"loc":{"start":{"line":279,"column":34},"end":{"line":284,"column":1}},"line":279},"8":{"name":"(anonymous_8)","decl":{"start":{"line":280,"column":22},"end":{"line":280,"column":23}},"loc":{"start":{"line":280,"column":37},"end":{"line":283,"column":3}},"line":280}},"branchMap":{"0":{"loc":{"start":{"line":7,"column":6},"end":{"line":7,"column":14}},"type":"default-arg","locations":[{"start":{"line":7,"column":13},"end":{"line":7,"column":14}}],"line":7},"1":{"loc":{"start":{"line":8,"column":6},"end":{"line":8,"column":16}},"type":"default-arg","locations":[{"start":{"line":8,"column":14},"end":{"line":8,"column":16}}],"line":8},"2":{"loc":{"start":{"line":17,"column":6},"end":{"line":17,"column":26}},"type":"default-arg","locations":[{"start":{"line":17,"column":15},"end":{"line":17,"column":26}}],"line":17},"3":{"loc":{"start":{"line":18,"column":6},"end":{"line":18,"column":24}},"type":"default-arg","locations":[{"start":{"line":18,"column":18},"end":{"line":18,"column":24}}],"line":18},"4":{"loc":{"start":{"line":25,"column":4},"end":{"line":27,"column":5}},"type":"if","locations":[{"start":{"line":25,"column":4},"end":{"line":27,"column":5}},{"start":{},"end":{}}],"line":25},"5":{"loc":{"start":{"line":30,"column":4},"end":{"line":32,"column":5}},"type":"if","locations":[{"start":{"line":30,"column":4},"end":{"line":32,"column":5}},{"start":{},"end":{}}],"line":30},"6":{"loc":{"start":{"line":35,"column":4},"end":{"line":37,"column":5}},"type":"if","locations":[{"start":{"line":35,"column":4},"end":{"line":37,"column":5}},{"start":{},"end":{}}],"line":35},"7":{"loc":{"start":{"line":40,"column":4},"end":{"line":42,"column":5}},"type":"if","locations":[{"start":{"line":40,"column":4},"end":{"line":42,"column":5}},{"start":{},"end":{}}],"line":40},"8":{"loc":{"start":{"line":45,"column":4},"end":{"line":47,"column":5}},"type":"if","locations":[{"start":{"line":45,"column":4},"end":{"line":47,"column":5}},{"start":{},"end":{}}],"line":45},"9":{"loc":{"start":{"line":50,"column":4},"end":{"line":52,"column":5}},"type":"if","locations":[{"start":{"line":50,"column":4},"end":{"line":52,"column":5}},{"start":{},"end":{}}],"line":50},"10":{"loc":{"start":{"line":55,"column":4},"end":{"line":64,"column":5}},"type":"if","locations":[{"start":{"line":55,"column":4},"end":{"line":64,"column":5}},{"start":{},"end":{}}],"line":55},"11":{"loc":{"start":{"line":55,"column":8},"end":{"line":55,"column":30}},"type":"binary-expr","locations":[{"start":{"line":55,"column":8},"end":{"line":55,"column":17}},{"start":{"line":55,"column":21},"end":{"line":55,"column":30}}],"line":55},"12":{"loc":{"start":{"line":57,"column":6},"end":{"line":57,"column":61}},"type":"if","locations":[{"start":{"line":57,"column":6},"end":{"line":57,"column":61}},{"start":{},"end":{}}],"line":57},"13":{"loc":{"start":{"line":58,"column":6},"end":{"line":58,"column":61}},"type":"if","locations":[{"start":{"line":58,"column":6},"end":{"line":58,"column":61}},{"start":{},"end":{}}],"line":58},"14":{"loc":{"start":{"line":68,"column":29},"end":{"line":68,"column":58}},"type":"cond-expr","locations":[{"start":{"line":68,"column":52},"end":{"line":68,"column":54}},{"start":{"line":68,"column":57},"end":{"line":68,"column":58}}],"line":68},"15":{"loc":{"start":{"line":116,"column":4},"end":{"line":121,"column":5}},"type":"if","locations":[{"start":{"line":116,"column":4},"end":{"line":121,"column":5}},{"start":{},"end":{}}],"line":116},"16":{"loc":{"start":{"line":116,"column":8},"end":{"line":116,"column":29}},"type":"binary-expr","locations":[{"start":{"line":116,"column":8},"end":{"line":116,"column":12}},{"start":{"line":116,"column":16},"end":{"line":116,"column":29}}],"line":116},"17":{"loc":{"start":{"line":146,"column":4},"end":{"line":167,"column":5}},"type":"if","locations":[{"start":{"line":146,"column":4},"end":{"line":167,"column":5}},{"start":{},"end":{}}],"line":146},"18":{"loc":{"start":{"line":151,"column":6},"end":{"line":166,"column":7}},"type":"if","locations":[{"start":{"line":151,"column":6},"end":{"line":166,"column":7}},{"start":{},"end":{}}],"line":151},"19":{"loc":{"start":{"line":151,"column":10},"end":{"line":151,"column":39}},"type":"binary-expr","locations":[{"start":{"line":151,"column":10},"end":{"line":151,"column":18}},{"start":{"line":151,"column":22},"end":{"line":151,"column":39}}],"line":151},"20":{"loc":{"start":{"line":170,"column":4},"end":{"line":175,"column":5}},"type":"if","locations":[{"start":{"line":170,"column":4},"end":{"line":175,"column":5}},{"start":{},"end":{}}],"line":170},"21":{"loc":{"start":{"line":210,"column":27},"end":{"line":222,"column":5}},"type":"cond-expr","locations":[{"start":{"line":210,"column":38},"end":{"line":216,"column":5}},{"start":{"line":216,"column":8},"end":{"line":222,"column":5}}],"line":210},"22":{"loc":{"start":{"line":245,"column":4},"end":{"line":247,"column":5}},"type":"if","locations":[{"start":{"line":245,"column":4},"end":{"line":247,"column":5}},{"start":{},"end":{}}],"line":245},"23":{"loc":{"start":{"line":249,"column":4},"end":{"line":251,"column":5}},"type":"if","locations":[{"start":{"line":249,"column":4},"end":{"line":251,"column":5}},{"start":{},"end":{}}],"line":249},"24":{"loc":{"start":{"line":253,"column":4},"end":{"line":255,"column":5}},"type":"if","locations":[{"start":{"line":253,"column":4},"end":{"line":255,"column":5}},{"start":{},"end":{}}],"line":253},"25":{"loc":{"start":{"line":281,"column":17},"end":{"line":281,"column":31}},"type":"binary-expr","locations":[{"start":{"line":281,"column":17},"end":{"line":281,"column":26}},{"start":{"line":281,"column":30},"end":{"line":281,"column":31}}],"line":281}},"s":{"0":3,"1":3,"2":3,"3":1,"4":1,"5":1,"6":1,"7":0,"8":1,"9":0,"10":1,"11":0,"12":1,"13":0,"14":1,"15":0,"16":1,"17":0,"18":1,"19":0,"20":0,"21":0,"22":0,"23":0,"24":0,"25":1,"26":1,"27":1,"28":1,"29":1,"30":0,"31":1,"32":0,"33":0,"34":3,"35":0,"36":0,"37":0,"38":0,"39":0,"40":0,"41":0,"42":0,"43":3,"44":0,"45":0,"46":0,"47":0,"48":0,"49":0,"50":0,"51":0,"52":0,"53":0,"54":0,"55":0,"56":0,"57":0,"58":3,"59":0,"60":0,"61":0,"62":0,"63":0,"64":0,"65":3,"66":0,"67":0,"68":0,"69":0,"70":0,"71":0,"72":0,"73":0,"74":0,"75":0,"76":0,"77":0,"78":0,"79":0,"80":0,"81":0},"f":{"0":1,"1":0,"2":0,"3":0,"4":0,"5":0,"6":0,"7":0,"8":0},"b":{"0":[1],"1":[1],"2":[1],"3":[1],"4":[0,1],"5":[0,1],"6":[0,1],"7":[0,1],"8":[0,1],"9":[0,1],"10":[0,1],"11":[1,1],"12":[0,0],"13":[0,0],"14":[1,0],"15":[0,0],"16":[0,0],"17":[0,0],"18":[0,0],"19":[0,0],"20":[0,0],"21":[0,0],"22":[0,0],"23":[0,0],"24":[0,0],"25":[0,0]},"_coverageSchema":"1a1c01bbd47fc00a2c39e90264f33305004495a9","hash":"5f8f9ae236dc2c29b394285735d84cc411841a68"}
,"D:\\Work\\UXGENIE\\MentorPath AI\\server\\middleware\\upload.js": {"path":"D:\\Work\\UXGENIE\\MentorPath AI\\server\\middleware\\upload.js","statementMap":{"0":{"start":{"line":1,"column":15},"end":{"line":1,"column":32}},"1":{"start":{"line":2,"column":13},"end":{"line":2,"column":28}},"2":{"start":{"line":3,"column":11},"end":{"line":3,"column":24}},"3":{"start":{"line":6,"column":18},"end":{"line":6,"column":56}},"4":{"start":{"line":7,"column":0},"end":{"line":9,"column":1}},"5":{"start":{"line":8,"column":2},"end":{"line":8,"column":47}},"6":{"start":{"line":12,"column":16},"end":{"line":22,"column":2}},"7":{"start":{"line":14,"column":4},"end":{"line":14,"column":24}},"8":{"start":{"line":18,"column":25},"end":{"line":18,"column":75}},"9":{"start":{"line":19,"column":16},"end":{"line":19,"column":47}},"10":{"start":{"line":20,"column":4},"end":{"line":20,"column":41}},"11":{"start":{"line":25,"column":19},"end":{"line":38,"column":1}},"12":{"start":{"line":27,"column":23},"end":{"line":31,"column":3}},"13":{"start":{"line":33,"column":2},"end":{"line":37,"column":3}},"14":{"start":{"line":34,"column":4},"end":{"line":34,"column":19}},"15":{"start":{"line":36,"column":4},"end":{"line":36,"column":88}},"16":{"start":{"line":41,"column":15},"end":{"line":47,"column":2}},"17":{"start":{"line":50,"column":27},"end":{"line":71,"column":1}},"18":{"start":{"line":51,"column":2},"end":{"line":69,"column":3}},"19":{"start":{"line":52,"column":4},"end":{"line":57,"column":5}},"20":{"start":{"line":53,"column":6},"end":{"line":56,"column":9}},"21":{"start":{"line":58,"column":4},"end":{"line":63,"column":5}},"22":{"start":{"line":59,"column":6},"end":{"line":62,"column":9}},"23":{"start":{"line":64,"column":9},"end":{"line":69,"column":3}},"24":{"start":{"line":65,"column":4},"end":{"line":68,"column":7}},"25":{"start":{"line":70,"column":2},"end":{"line":70,"column":9}},"26":{"start":{"line":73,"column":0},"end":{"line":73,"column":48}}},"fnMap":{"0":{"name":"(anonymous_0)","decl":{"start":{"line":13,"column":15},"end":{"line":13,"column":16}},"loc":{"start":{"line":13,"column":40},"end":{"line":15,"column":3}},"line":13},"1":{"name":"(anonymous_1)","decl":{"start":{"line":16,"column":12},"end":{"line":16,"column":13}},"loc":{"start":{"line":16,"column":37},"end":{"line":21,"column":3}},"line":16},"2":{"name":"(anonymous_2)","decl":{"start":{"line":25,"column":19},"end":{"line":25,"column":20}},"loc":{"start":{"line":25,"column":38},"end":{"line":38,"column":1}},"line":25},"3":{"name":"(anonymous_3)","decl":{"start":{"line":50,"column":27},"end":{"line":50,"column":28}},"loc":{"start":{"line":50,"column":52},"end":{"line":71,"column":1}},"line":50}},"branchMap":{"0":{"loc":{"start":{"line":6,"column":18},"end":{"line":6,"column":56}},"type":"binary-expr","locations":[{"start":{"line":6,"column":18},"end":{"line":6,"column":41}},{"start":{"line":6,"column":45},"end":{"line":6,"column":56}}],"line":6},"1":{"loc":{"start":{"line":7,"column":0},"end":{"line":9,"column":1}},"type":"if","locations":[{"start":{"line":7,"column":0},"end":{"line":9,"column":1}},{"start":{},"end":{}}],"line":7},"2":{"loc":{"start":{"line":33,"column":2},"end":{"line":37,"column":3}},"type":"if","locations":[{"start":{"line":33,"column":2},"end":{"line":37,"column":3}},{"start":{"line":35,"column":9},"end":{"line":37,"column":3}}],"line":33},"3":{"loc":{"start":{"line":44,"column":14},"end":{"line":44,"column":69}},"type":"binary-expr","locations":[{"start":{"line":44,"column":14},"end":{"line":44,"column":49}},{"start":{"line":44,"column":53},"end":{"line":44,"column":69}}],"line":44},"4":{"loc":{"start":{"line":51,"column":2},"end":{"line":69,"column":3}},"type":"if","locations":[{"start":{"line":51,"column":2},"end":{"line":69,"column":3}},{"start":{"line":64,"column":9},"end":{"line":69,"column":3}}],"line":51},"5":{"loc":{"start":{"line":52,"column":4},"end":{"line":57,"column":5}},"type":"if","locations":[{"start":{"line":52,"column":4},"end":{"line":57,"column":5}},{"start":{},"end":{}}],"line":52},"6":{"loc":{"start":{"line":58,"column":4},"end":{"line":63,"column":5}},"type":"if","locations":[{"start":{"line":58,"column":4},"end":{"line":63,"column":5}},{"start":{},"end":{}}],"line":58},"7":{"loc":{"start":{"line":64,"column":9},"end":{"line":69,"column":3}},"type":"if","locations":[{"start":{"line":64,"column":9},"end":{"line":69,"column":3}},{"start":{},"end":{}}],"line":64}},"s":{"0":3,"1":3,"2":3,"3":3,"4":3,"5":0,"6":3,"7":0,"8":0,"9":0,"10":0,"11":3,"12":0,"13":0,"14":0,"15":0,"16":3,"17":3,"18":0,"19":0,"20":0,"21":0,"22":0,"23":0,"24":0,"25":0,"26":3},"f":{"0":0,"1":0,"2":0,"3":0},"b":{"0":[3,0],"1":[0,3],"2":[0,0],"3":[3,0],"4":[0,0],"5":[0,0],"6":[0,0],"7":[0,0]},"_coverageSchema":"1a1c01bbd47fc00a2c39e90264f33305004495a9","hash":"3c78a12056f27c7d76b725e0c655f44f98ecc1ca"}
,"D:\\Work\\UXGENIE\\MentorPath AI\\server\\models\\CV.js": {"path":"D:\\Work\\UXGENIE\\MentorPath AI\\server\\models\\CV.js","statementMap":{"0":{"start":{"line":1,"column":17},"end":{"line":1,"column":36}},"1":{"start":{"line":3,"column":20},"end":{"line":25,"column":2}},"2":{"start":{"line":27,"column":29},"end":{"line":55,"column":2}},"3":{"start":{"line":57,"column":17},"end":{"line":148,"column":2}},"4":{"start":{"line":151,"column":0},"end":{"line":151,"column":51}},"5":{"start":{"line":152,"column":0},"end":{"line":152,"column":46}},"6":{"start":{"line":153,"column":0},"end":{"line":153,"column":30}},"7":{"start":{"line":156,"column":0},"end":{"line":162,"column":3}},"8":{"start":{"line":157,"column":16},"end":{"line":157,"column":29}},"9":{"start":{"line":158,"column":16},"end":{"line":158,"column":43}},"10":{"start":{"line":159,"column":2},"end":{"line":159,"column":35}},"11":{"start":{"line":159,"column":19},"end":{"line":159,"column":35}},"12":{"start":{"line":160,"column":12},"end":{"line":160,"column":66}},"13":{"start":{"line":161,"column":2},"end":{"line":161,"column":76}},"14":{"start":{"line":165,"column":0},"end":{"line":167,"column":2}},"15":{"start":{"line":166,"column":2},"end":{"line":166,"column":73}},"16":{"start":{"line":169,"column":0},"end":{"line":169,"column":48}}},"fnMap":{"0":{"name":"(anonymous_0)","decl":{"start":{"line":156,"column":42},"end":{"line":156,"column":43}},"loc":{"start":{"line":156,"column":53},"end":{"line":162,"column":1}},"line":156},"1":{"name":"(anonymous_1)","decl":{"start":{"line":165,"column":37},"end":{"line":165,"column":38}},"loc":{"start":{"line":165,"column":48},"end":{"line":167,"column":1}},"line":165}},"branchMap":{"0":{"loc":{"start":{"line":159,"column":2},"end":{"line":159,"column":35}},"type":"if","locations":[{"start":{"line":159,"column":2},"end":{"line":159,"column":35}},{"start":{},"end":{}}],"line":159}},"s":{"0":3,"1":3,"2":3,"3":3,"4":3,"5":3,"6":3,"7":3,"8":0,"9":0,"10":0,"11":0,"12":0,"13":0,"14":3,"15":0,"16":3},"f":{"0":0,"1":0},"b":{"0":[0,0]},"_coverageSchema":"1a1c01bbd47fc00a2c39e90264f33305004495a9","hash":"573ec7f6450ffc375ec489ddc25becdb07d870b2"}
,"D:\\Work\\UXGENIE\\MentorPath AI\\server\\models\\Chat.js": {"path":"D:\\Work\\UXGENIE\\MentorPath AI\\server\\models\\Chat.js","statementMap":{"0":{"start":{"line":1,"column":17},"end":{"line":1,"column":36}},"1":{"start":{"line":3,"column":22},"end":{"line":21,"column":2}},"2":{"start":{"line":23,"column":19},"end":{"line":74,"column":2}},"3":{"start":{"line":78,"column":0},"end":{"line":78,"column":36}},"4":{"start":{"line":81,"column":0},"end":{"line":83,"column":3}},"5":{"start":{"line":82,"column":2},"end":{"line":82,"column":83}},"6":{"start":{"line":86,"column":0},"end":{"line":95,"column":2}},"7":{"start":{"line":87,"column":2},"end":{"line":92,"column":5}},"8":{"start":{"line":93,"column":2},"end":{"line":93,"column":54}},"9":{"start":{"line":94,"column":2},"end":{"line":94,"column":21}},"10":{"start":{"line":98,"column":0},"end":{"line":100,"column":2}},"11":{"start":{"line":99,"column":2},"end":{"line":99,"column":73}},"12":{"start":{"line":102,"column":0},"end":{"line":102,"column":52}}},"fnMap":{"0":{"name":"(anonymous_0)","decl":{"start":{"line":81,"column":38},"end":{"line":81,"column":39}},"loc":{"start":{"line":81,"column":49},"end":{"line":83,"column":1}},"line":81},"1":{"name":"(anonymous_1)","decl":{"start":{"line":86,"column":32},"end":{"line":86,"column":33}},"loc":{"start":{"line":86,"column":71},"end":{"line":95,"column":1}},"line":86},"2":{"name":"(anonymous_2)","decl":{"start":{"line":98,"column":39},"end":{"line":98,"column":40}},"loc":{"start":{"line":98,"column":50},"end":{"line":100,"column":1}},"line":98}},"branchMap":{"0":{"loc":{"start":{"line":82,"column":9},"end":{"line":82,"column":82}},"type":"cond-expr","locations":[{"start":{"line":82,"column":36},"end":{"line":82,"column":75}},{"start":{"line":82,"column":78},"end":{"line":82,"column":82}}],"line":82},"1":{"loc":{"start":{"line":86,"column":56},"end":{"line":86,"column":69}},"type":"default-arg","locations":[{"start":{"line":86,"column":67},"end":{"line":86,"column":69}}],"line":86}},"s":{"0":3,"1":3,"2":3,"3":3,"4":3,"5":0,"6":3,"7":8,"8":8,"9":8,"10":3,"11":3,"12":3},"f":{"0":0,"1":8,"2":3},"b":{"0":[0,0],"1":[4]},"_coverageSchema":"1a1c01bbd47fc00a2c39e90264f33305004495a9","hash":"e365f5863f33378bd8d64419f8a459239b5a008c"}
,"D:\\Work\\UXGENIE\\MentorPath AI\\server\\models\\Job.js": {"path":"D:\\Work\\UXGENIE\\MentorPath AI\\server\\models\\Job.js","statementMap":{"0":{"start":{"line":1,"column":17},"end":{"line":1,"column":36}},"1":{"start":{"line":3,"column":18},"end":{"line":88,"column":2}},"2":{"start":{"line":91,"column":0},"end":{"line":91,"column":73}},"3":{"start":{"line":92,"column":0},"end":{"line":92,"column":46}},"4":{"start":{"line":93,"column":0},"end":{"line":93,"column":39}},"5":{"start":{"line":94,"column":0},"end":{"line":94,"column":54}},"6":{"start":{"line":95,"column":0},"end":{"line":95,"column":33}},"7":{"start":{"line":96,"column":0},"end":{"line":96,"column":48}},"8":{"start":{"line":97,"column":0},"end":{"line":97,"column":35}},"9":{"start":{"line":100,"column":0},"end":{"line":115,"column":3}},"10":{"start":{"line":101,"column":2},"end":{"line":101,"column":64}},"11":{"start":{"line":101,"column":44},"end":{"line":101,"column":64}},"12":{"start":{"line":103,"column":23},"end":{"line":106,"column":3}},"13":{"start":{"line":104,"column":4},"end":{"line":104,"column":59}},"14":{"start":{"line":104,"column":21},"end":{"line":104,"column":59}},"15":{"start":{"line":105,"column":4},"end":{"line":105,"column":21}},"16":{"start":{"line":108,"column":2},"end":{"line":114,"column":3}},"17":{"start":{"line":109,"column":4},"end":{"line":109,"column":81}},"18":{"start":{"line":110,"column":9},"end":{"line":114,"column":3}},"19":{"start":{"line":111,"column":4},"end":{"line":111,"column":51}},"20":{"start":{"line":113,"column":4},"end":{"line":113,"column":52}},"21":{"start":{"line":118,"column":0},"end":{"line":121,"column":2}},"22":{"start":{"line":119,"column":2},"end":{"line":119,"column":18}},"23":{"start":{"line":120,"column":2},"end":{"line":120,"column":21}},"24":{"start":{"line":124,"column":0},"end":{"line":133,"column":2}},"25":{"start":{"line":125,"column":2},"end":{"line":132,"column":5}},"26":{"start":{"line":135,"column":0},"end":{"line":135,"column":50}}},"fnMap":{"0":{"name":"(anonymous_0)","decl":{"start":{"line":100,"column":41},"end":{"line":100,"column":42}},"loc":{"start":{"line":100,"column":52},"end":{"line":115,"column":1}},"line":100},"1":{"name":"(anonymous_1)","decl":{"start":{"line":103,"column":23},"end":{"line":103,"column":24}},"loc":{"start":{"line":103,"column":32},"end":{"line":106,"column":3}},"line":103},"2":{"name":"(anonymous_2)","decl":{"start":{"line":118,"column":35},"end":{"line":118,"column":36}},"loc":{"start":{"line":118,"column":46},"end":{"line":121,"column":1}},"line":118},"3":{"name":"(anonymous_3)","decl":{"start":{"line":124,"column":34},"end":{"line":124,"column":35}},"loc":{"start":{"line":124,"column":45},"end":{"line":133,"column":1}},"line":124}},"branchMap":{"0":{"loc":{"start":{"line":101,"column":2},"end":{"line":101,"column":64}},"type":"if","locations":[{"start":{"line":101,"column":2},"end":{"line":101,"column":64}},{"start":{},"end":{}}],"line":101},"1":{"loc":{"start":{"line":101,"column":6},"end":{"line":101,"column":42}},"type":"binary-expr","locations":[{"start":{"line":101,"column":6},"end":{"line":101,"column":22}},{"start":{"line":101,"column":26},"end":{"line":101,"column":42}}],"line":101},"2":{"loc":{"start":{"line":104,"column":4},"end":{"line":104,"column":59}},"type":"if","locations":[{"start":{"line":104,"column":4},"end":{"line":104,"column":59}},{"start":{},"end":{}}],"line":104},"3":{"loc":{"start":{"line":108,"column":2},"end":{"line":114,"column":3}},"type":"if","locations":[{"start":{"line":108,"column":2},"end":{"line":114,"column":3}},{"start":{"line":110,"column":9},"end":{"line":114,"column":3}}],"line":108},"4":{"loc":{"start":{"line":108,"column":6},"end":{"line":108,"column":40}},"type":"binary-expr","locations":[{"start":{"line":108,"column":6},"end":{"line":108,"column":21}},{"start":{"line":108,"column":25},"end":{"line":108,"column":40}}],"line":108},"5":{"loc":{"start":{"line":110,"column":9},"end":{"line":114,"column":3}},"type":"if","locations":[{"start":{"line":110,"column":9},"end":{"line":114,"column":3}},{"start":{"line":112,"column":9},"end":{"line":114,"column":3}}],"line":110}},"s":{"0":3,"1":3,"2":3,"3":3,"4":3,"5":3,"6":3,"7":3,"8":3,"9":3,"10":0,"11":0,"12":0,"13":0,"14":0,"15":0,"16":0,"17":0,"18":0,"19":0,"20":0,"21":3,"22":0,"23":0,"24":3,"25":0,"26":3},"f":{"0":0,"1":0,"2":0,"3":0},"b":{"0":[0,0],"1":[0,0],"2":[0,0],"3":[0,0],"4":[0,0],"5":[0,0]},"_coverageSchema":"1a1c01bbd47fc00a2c39e90264f33305004495a9","hash":"11527118b5660bd54b7e4d32a9e55a6bf9c6158a"}
,"D:\\Work\\UXGENIE\\MentorPath AI\\server\\models\\User.js": {"path":"D:\\Work\\UXGENIE\\MentorPath AI\\server\\models\\User.js","statementMap":{"0":{"start":{"line":1,"column":17},"end":{"line":1,"column":36}},"1":{"start":{"line":2,"column":15},"end":{"line":2,"column":34}},"2":{"start":{"line":4,"column":19},"end":{"line":68,"column":2}},"3":{"start":{"line":18,"column":8},"end":{"line":18,"column":56}},"4":{"start":{"line":72,"column":0},"end":{"line":72,"column":39}},"5":{"start":{"line":73,"column":0},"end":{"line":73,"column":36}},"6":{"start":{"line":76,"column":0},"end":{"line":81,"column":3}},"7":{"start":{"line":77,"column":2},"end":{"line":77,"column":50}},"8":{"start":{"line":77,"column":36},"end":{"line":77,"column":50}},"9":{"start":{"line":79,"column":2},"end":{"line":79,"column":55}},"10":{"start":{"line":80,"column":2},"end":{"line":80,"column":9}},"11":{"start":{"line":84,"column":0},"end":{"line":86,"column":2}},"12":{"start":{"line":85,"column":2},"end":{"line":85,"column":63}},"13":{"start":{"line":89,"column":0},"end":{"line":92,"column":2}},"14":{"start":{"line":90,"column":2},"end":{"line":90,"column":30}},"15":{"start":{"line":91,"column":2},"end":{"line":91,"column":50}},"16":{"start":{"line":94,"column":0},"end":{"line":94,"column":52}}},"fnMap":{"0":{"name":"(anonymous_0)","decl":{"start":{"line":17,"column":17},"end":{"line":17,"column":18}},"loc":{"start":{"line":17,"column":33},"end":{"line":19,"column":7}},"line":17},"1":{"name":"(anonymous_1)","decl":{"start":{"line":76,"column":23},"end":{"line":76,"column":24}},"loc":{"start":{"line":76,"column":44},"end":{"line":81,"column":1}},"line":76},"2":{"name":"(anonymous_2)","decl":{"start":{"line":84,"column":37},"end":{"line":84,"column":38}},"loc":{"start":{"line":84,"column":85},"end":{"line":86,"column":1}},"line":84},"3":{"name":"(anonymous_3)","decl":{"start":{"line":89,"column":37},"end":{"line":89,"column":38}},"loc":{"start":{"line":89,"column":48},"end":{"line":92,"column":1}},"line":89}},"branchMap":{"0":{"loc":{"start":{"line":77,"column":2},"end":{"line":77,"column":50}},"type":"if","locations":[{"start":{"line":77,"column":2},"end":{"line":77,"column":50}},{"start":{},"end":{}}],"line":77}},"s":{"0":2,"1":2,"2":2,"3":8,"4":2,"5":2,"6":2,"7":8,"8":0,"9":8,"10":8,"11":2,"12":0,"13":2,"14":0,"15":0,"16":2},"f":{"0":8,"1":8,"2":0,"3":0},"b":{"0":[0,8]},"_coverageSchema":"1a1c01bbd47fc00a2c39e90264f33305004495a9","hash":"729821535c3ae1c3ce9164da31456a72d637cba7"}
,"D:\\Work\\UXGENIE\\MentorPath AI\\server\\routes\\chat.js": {"path":"D:\\Work\\UXGENIE\\MentorPath AI\\server\\routes\\chat.js","statementMap":{"0":{"start":{"line":1,"column":16},"end":{"line":1,"column":34}},"1":{"start":{"line":2,"column":15},"end":{"line":2,"column":31}},"2":{"start":{"line":3,"column":23},"end":{"line":3,"column":63}},"3":{"start":{"line":6,"column":0},"end":{"line":6,"column":52}},"4":{"start":{"line":9,"column":0},"end":{"line":9,"column":69}},"5":{"start":{"line":12,"column":0},"end":{"line":12,"column":62}},"6":{"start":{"line":15,"column":0},"end":{"line":15,"column":65}},"7":{"start":{"line":18,"column":0},"end":{"line":18,"column":68}},"8":{"start":{"line":20,"column":0},"end":{"line":20,"column":24}}},"fnMap":{},"branchMap":{},"s":{"0":3,"1":3,"2":3,"3":3,"4":3,"5":3,"6":3,"7":3,"8":3},"f":{},"b":{},"_coverageSchema":"1a1c01bbd47fc00a2c39e90264f33305004495a9","hash":"b6efbe62ecd208ada370c9d0952e44654c87ae93"}
,"D:\\Work\\UXGENIE\\MentorPath AI\\server\\routes\\cv.js": {"path":"D:\\Work\\UXGENIE\\MentorPath AI\\server\\routes\\cv.js","statementMap":{"0":{"start":{"line":1,"column":16},"end":{"line":1,"column":34}},"1":{"start":{"line":2,"column":15},"end":{"line":2,"column":31}},"2":{"start":{"line":3,"column":21},"end":{"line":3,"column":59}},"3":{"start":{"line":4,"column":39},"end":{"line":4,"column":70}},"4":{"start":{"line":7,"column":0},"end":{"line":7,"column":87}},"5":{"start":{"line":10,"column":0},"end":{"line":10,"column":62}},"6":{"start":{"line":13,"column":0},"end":{"line":13,"column":66}},"7":{"start":{"line":16,"column":0},"end":{"line":16,"column":77}},"8":{"start":{"line":18,"column":0},"end":{"line":18,"column":24}}},"fnMap":{},"branchMap":{},"s":{"0":3,"1":3,"2":3,"3":3,"4":3,"5":3,"6":3,"7":3,"8":3},"f":{},"b":{},"_coverageSchema":"1a1c01bbd47fc00a2c39e90264f33305004495a9","hash":"e2a27a22961f76cd95d7d9a20208ae0d0a4ea597"}
,"D:\\Work\\UXGENIE\\MentorPath AI\\server\\routes\\jobs.js": {"path":"D:\\Work\\UXGENIE\\MentorPath AI\\server\\routes\\jobs.js","statementMap":{"0":{"start":{"line":1,"column":16},"end":{"line":1,"column":34}},"1":{"start":{"line":2,"column":15},"end":{"line":2,"column":31}},"2":{"start":{"line":3,"column":22},"end":{"line":3,"column":61}},"3":{"start":{"line":6,"column":0},"end":{"line":6,"column":39}},"4":{"start":{"line":9,"column":0},"end":{"line":9,"column":61}},"5":{"start":{"line":12,"column":0},"end":{"line":12,"column":48}},"6":{"start":{"line":15,"column":0},"end":{"line":15,"column":48}},"7":{"start":{"line":18,"column":0},"end":{"line":18,"column":41}},"8":{"start":{"line":20,"column":0},"end":{"line":20,"column":24}}},"fnMap":{},"branchMap":{},"s":{"0":3,"1":3,"2":3,"3":3,"4":3,"5":3,"6":3,"7":3,"8":3},"f":{},"b":{},"_coverageSchema":"1a1c01bbd47fc00a2c39e90264f33305004495a9","hash":"ea1a53213da634b491852bb154aa93bdd986a05f"}
,"D:\\Work\\UXGENIE\\MentorPath AI\\server\\services\\aiService.js": {"path":"D:\\Work\\UXGENIE\\MentorPath AI\\server\\services\\aiService.js","statementMap":{"0":{"start":{"line":1,"column":14},"end":{"line":1,"column":30}},"1":{"start":{"line":5,"column":4},"end":{"line":5,"column":51}},"2":{"start":{"line":6,"column":4},"end":{"line":6,"column":86}},"3":{"start":{"line":7,"column":4},"end":{"line":7,"column":32}},"4":{"start":{"line":11,"column":19},"end":{"line":11,"column":66}},"5":{"start":{"line":13,"column":4},"end":{"line":24,"column":5}},"6":{"start":{"line":14,"column":23},"end":{"line":14,"column":63}},"7":{"start":{"line":15,"column":6},"end":{"line":15,"column":52}},"8":{"start":{"line":17,"column":6},"end":{"line":17,"column":52}},"9":{"start":{"line":19,"column":6},"end":{"line":21,"column":7}},"10":{"start":{"line":20,"column":8},"end":{"line":20,"column":47}},"11":{"start":{"line":23,"column":6},"end":{"line":23,"column":69}},"12":{"start":{"line":28,"column":21},"end":{"line":28,"column":82}},"13":{"start":{"line":30,"column":4},"end":{"line":47,"column":5}},"14":{"start":{"line":31,"column":23},"end":{"line":31,"column":64}},"15":{"start":{"line":32,"column":6},"end":{"line":35,"column":8}},"16":{"start":{"line":37,"column":6},"end":{"line":37,"column":45}},"17":{"start":{"line":39,"column":6},"end":{"line":44,"column":7}},"18":{"start":{"line":40,"column":8},"end":{"line":43,"column":10}},"19":{"start":{"line":46,"column":6},"end":{"line":46,"column":62}},"20":{"start":{"line":51,"column":19},"end":{"line":63,"column":5}},"21":{"start":{"line":65,"column":4},"end":{"line":71,"column":5}},"22":{"start":{"line":66,"column":23},"end":{"line":66,"column":62}},"23":{"start":{"line":67,"column":6},"end":{"line":67,"column":34}},"24":{"start":{"line":69,"column":6},"end":{"line":69,"column":54}},"25":{"start":{"line":70,"column":6},"end":{"line":70,"column":48}},"26":{"start":{"line":75,"column":19},"end":{"line":91,"column":5}},"27":{"start":{"line":93,"column":4},"end":{"line":99,"column":5}},"28":{"start":{"line":94,"column":23},"end":{"line":94,"column":62}},"29":{"start":{"line":95,"column":6},"end":{"line":95,"column":34}},"30":{"start":{"line":97,"column":6},"end":{"line":97,"column":57}},"31":{"start":{"line":98,"column":6},"end":{"line":98,"column":65}},"32":{"start":{"line":104,"column":24},"end":{"line":104,"column":72}},"33":{"start":{"line":106,"column":4},"end":{"line":142,"column":6}},"34":{"start":{"line":146,"column":26},"end":{"line":149,"column":5}},"35":{"start":{"line":151,"column":28},"end":{"line":154,"column":7}},"36":{"start":{"line":151,"column":59},"end":{"line":154,"column":5}},"37":{"start":{"line":156,"column":4},"end":{"line":160,"column":6}},"38":{"start":{"line":164,"column":23},"end":{"line":164,"column":281}},"39":{"start":{"line":166,"column":4},"end":{"line":168,"column":5}},"40":{"start":{"line":167,"column":6},"end":{"line":167,"column":86}},"41":{"start":{"line":170,"column":4},"end":{"line":172,"column":5}},"42":{"start":{"line":171,"column":6},"end":{"line":171,"column":84}},"43":{"start":{"line":174,"column":4},"end":{"line":174,"column":22}},"44":{"start":{"line":178,"column":4},"end":{"line":180,"column":5}},"45":{"start":{"line":179,"column":6},"end":{"line":179,"column":55}},"46":{"start":{"line":182,"column":21},"end":{"line":194,"column":6}},"47":{"start":{"line":196,"column":4},"end":{"line":196,"column":52}},"48":{"start":{"line":200,"column":4},"end":{"line":212,"column":5}},"49":{"start":{"line":201,"column":23},"end":{"line":201,"column":43}},"50":{"start":{"line":204,"column":6},"end":{"line":206,"column":7}},"51":{"start":{"line":205,"column":8},"end":{"line":205,"column":75}},"52":{"start":{"line":208,"column":6},"end":{"line":208,"column":22}},"53":{"start":{"line":210,"column":6},"end":{"line":210,"column":59}},"54":{"start":{"line":211,"column":6},"end":{"line":211,"column":58}},"55":{"start":{"line":217,"column":4},"end":{"line":217,"column":46}},"56":{"start":{"line":220,"column":25},"end":{"line":225,"column":5}},"57":{"start":{"line":227,"column":24},"end":{"line":227,"column":26}},"58":{"start":{"line":228,"column":17},"end":{"line":228,"column":37}},"59":{"start":{"line":230,"column":4},"end":{"line":241,"column":7}},"60":{"start":{"line":231,"column":6},"end":{"line":240,"column":9}},"61":{"start":{"line":232,"column":8},"end":{"line":239,"column":9}},"62":{"start":{"line":233,"column":10},"end":{"line":238,"column":13}},"63":{"start":{"line":243,"column":4},"end":{"line":249,"column":6}},"64":{"start":{"line":253,"column":22},"end":{"line":258,"column":5}},"65":{"start":{"line":260,"column":4},"end":{"line":260,"column":67}},"66":{"start":{"line":265,"column":4},"end":{"line":265,"column":14}},"67":{"start":{"line":270,"column":22},"end":{"line":283,"column":5}},"68":{"start":{"line":285,"column":4},"end":{"line":289,"column":6}},"69":{"start":{"line":293,"column":0},"end":{"line":293,"column":33}}},"fnMap":{"0":{"name":"(anonymous_0)","decl":{"start":{"line":4,"column":2},"end":{"line":4,"column":3}},"loc":{"start":{"line":4,"column":16},"end":{"line":8,"column":3}},"line":4},"1":{"name":"(anonymous_1)","decl":{"start":{"line":10,"column":2},"end":{"line":10,"column":3}},"loc":{"start":{"line":10,"column":45},"end":{"line":25,"column":3}},"line":10},"2":{"name":"(anonymous_2)","decl":{"start":{"line":27,"column":2},"end":{"line":27,"column":3}},"loc":{"start":{"line":27,"column":68},"end":{"line":48,"column":3}},"line":27},"3":{"name":"(anonymous_3)","decl":{"start":{"line":50,"column":2},"end":{"line":50,"column":3}},"loc":{"start":{"line":50,"column":36},"end":{"line":72,"column":3}},"line":50},"4":{"name":"(anonymous_4)","decl":{"start":{"line":74,"column":2},"end":{"line":74,"column":3}},"loc":{"start":{"line":74,"column":67},"end":{"line":100,"column":3}},"line":74},"5":{"name":"(anonymous_5)","decl":{"start":{"line":103,"column":2},"end":{"line":103,"column":3}},"loc":{"start":{"line":103,"column":45},"end":{"line":143,"column":3}},"line":103},"6":{"name":"(anonymous_6)","decl":{"start":{"line":145,"column":2},"end":{"line":145,"column":3}},"loc":{"start":{"line":145,"column":47},"end":{"line":161,"column":3}},"line":145},"7":{"name":"(anonymous_7)","decl":{"start":{"line":151,"column":51},"end":{"line":151,"column":52}},"loc":{"start":{"line":151,"column":59},"end":{"line":154,"column":5}},"line":151},"8":{"name":"(anonymous_8)","decl":{"start":{"line":163,"column":2},"end":{"line":163,"column":3}},"loc":{"start":{"line":163,"column":30},"end":{"line":175,"column":3}},"line":163},"9":{"name":"(anonymous_9)","decl":{"start":{"line":177,"column":2},"end":{"line":177,"column":3}},"loc":{"start":{"line":177,"column":53},"end":{"line":197,"column":3}},"line":177},"10":{"name":"(anonymous_10)","decl":{"start":{"line":199,"column":2},"end":{"line":199,"column":3}},"loc":{"start":{"line":199,"column":36},"end":{"line":213,"column":3}},"line":199},"11":{"name":"(anonymous_11)","decl":{"start":{"line":216,"column":2},"end":{"line":216,"column":3}},"loc":{"start":{"line":216,"column":29},"end":{"line":250,"column":3}},"line":216},"12":{"name":"(anonymous_12)","decl":{"start":{"line":230,"column":41},"end":{"line":230,"column":42}},"loc":{"start":{"line":230,"column":65},"end":{"line":241,"column":5}},"line":230},"13":{"name":"(anonymous_13)","decl":{"start":{"line":231,"column":21},"end":{"line":231,"column":22}},"loc":{"start":{"line":231,"column":30},"end":{"line":240,"column":7}},"line":231},"14":{"name":"(anonymous_14)","decl":{"start":{"line":252,"column":2},"end":{"line":252,"column":3}},"loc":{"start":{"line":252,"column":41},"end":{"line":261,"column":3}},"line":252},"15":{"name":"(anonymous_15)","decl":{"start":{"line":263,"column":2},"end":{"line":263,"column":3}},"loc":{"start":{"line":263,"column":32},"end":{"line":266,"column":3}},"line":263},"16":{"name":"(anonymous_16)","decl":{"start":{"line":268,"column":2},"end":{"line":268,"column":3}},"loc":{"start":{"line":268,"column":49},"end":{"line":290,"column":3}},"line":268}},"branchMap":{"0":{"loc":{"start":{"line":6,"column":18},"end":{"line":6,"column":85}},"type":"binary-expr","locations":[{"start":{"line":6,"column":18},"end":{"line":6,"column":38}},{"start":{"line":6,"column":41},"end":{"line":6,"column":85}}],"line":6},"1":{"loc":{"start":{"line":10,"column":26},"end":{"line":10,"column":43}},"type":"default-arg","locations":[{"start":{"line":10,"column":39},"end":{"line":10,"column":43}}],"line":10},"2":{"loc":{"start":{"line":19,"column":6},"end":{"line":21,"column":7}},"type":"if","locations":[{"start":{"line":19,"column":6},"end":{"line":21,"column":7}},{"start":{},"end":{}}],"line":19},"3":{"loc":{"start":{"line":27,"column":28},"end":{"line":27,"column":52}},"type":"default-arg","locations":[{"start":{"line":27,"column":50},"end":{"line":27,"column":52}}],"line":27},"4":{"loc":{"start":{"line":27,"column":54},"end":{"line":27,"column":66}},"type":"default-arg","locations":[{"start":{"line":27,"column":64},"end":{"line":27,"column":66}}],"line":27},"5":{"loc":{"start":{"line":34,"column":16},"end":{"line":34,"column":49}},"type":"binary-expr","locations":[{"start":{"line":34,"column":16},"end":{"line":34,"column":44}},{"start":{"line":34,"column":48},"end":{"line":34,"column":49}}],"line":34},"6":{"loc":{"start":{"line":39,"column":6},"end":{"line":44,"column":7}},"type":"if","locations":[{"start":{"line":39,"column":6},"end":{"line":44,"column":7}},{"start":{},"end":{}}],"line":39},"7":{"loc":{"start":{"line":74,"column":41},"end":{"line":74,"column":54}},"type":"default-arg","locations":[{"start":{"line":74,"column":49},"end":{"line":74,"column":54}}],"line":74},"8":{"loc":{"start":{"line":74,"column":56},"end":{"line":74,"column":65}},"type":"default-arg","locations":[{"start":{"line":74,"column":64},"end":{"line":74,"column":65}}],"line":74},"9":{"loc":{"start":{"line":104,"column":24},"end":{"line":104,"column":72}},"type":"cond-expr","locations":[{"start":{"line":104,"column":37},"end":{"line":104,"column":67}},{"start":{"line":104,"column":70},"end":{"line":104,"column":72}}],"line":104},"10":{"loc":{"start":{"line":152,"column":12},"end":{"line":152,"column":54}},"type":"cond-expr","locations":[{"start":{"line":152,"column":34},"end":{"line":152,"column":40}},{"start":{"line":152,"column":43},"end":{"line":152,"column":54}}],"line":152},"11":{"loc":{"start":{"line":166,"column":4},"end":{"line":168,"column":5}},"type":"if","locations":[{"start":{"line":166,"column":4},"end":{"line":168,"column":5}},{"start":{},"end":{}}],"line":166},"12":{"loc":{"start":{"line":170,"column":4},"end":{"line":172,"column":5}},"type":"if","locations":[{"start":{"line":170,"column":4},"end":{"line":172,"column":5}},{"start":{},"end":{}}],"line":170},"13":{"loc":{"start":{"line":178,"column":4},"end":{"line":180,"column":5}},"type":"if","locations":[{"start":{"line":178,"column":4},"end":{"line":180,"column":5}},{"start":{},"end":{}}],"line":178},"14":{"loc":{"start":{"line":184,"column":16},"end":{"line":184,"column":90}},"type":"cond-expr","locations":[{"start":{"line":184,"column":42},"end":{"line":184,"column":50}},{"start":{"line":184,"column":53},"end":{"line":184,"column":90}}],"line":184},"15":{"loc":{"start":{"line":204,"column":6},"end":{"line":206,"column":7}},"type":"if","locations":[{"start":{"line":204,"column":6},"end":{"line":206,"column":7}},{"start":{},"end":{}}],"line":204},"16":{"loc":{"start":{"line":204,"column":10},"end":{"line":204,"column":61}},"type":"binary-expr","locations":[{"start":{"line":204,"column":10},"end":{"line":204,"column":26}},{"start":{"line":204,"column":30},"end":{"line":204,"column":61}}],"line":204},"17":{"loc":{"start":{"line":232,"column":8},"end":{"line":239,"column":9}},"type":"if","locations":[{"start":{"line":232,"column":8},"end":{"line":239,"column":9}},{"start":{},"end":{}}],"line":232}},"s":{"0":3,"1":3,"2":3,"3":3,"4":0,"5":0,"6":0,"7":0,"8":0,"9":0,"10":0,"11":0,"12":4,"13":4,"14":4,"15":0,"16":4,"17":4,"18":4,"19":0,"20":0,"21":0,"22":0,"23":0,"24":0,"25":0,"26":0,"27":0,"28":0,"29":0,"30":0,"31":0,"32":0,"33":0,"34":4,"35":4,"36":2,"37":4,"38":4,"39":4,"40":0,"41":4,"42":0,"43":4,"44":4,"45":0,"46":4,"47":0,"48":0,"49":0,"50":0,"51":0,"52":0,"53":0,"54":0,"55":0,"56":0,"57":0,"58":0,"59":0,"60":0,"61":0,"62":0,"63":0,"64":4,"65":4,"66":0,"67":0,"68":0,"69":3},"f":{"0":3,"1":0,"2":4,"3":0,"4":0,"5":0,"6":4,"7":2,"8":4,"9":4,"10":0,"11":0,"12":0,"13":0,"14":4,"15":0,"16":0},"b":{"0":[3,0],"1":[0],"2":[0,0],"3":[0],"4":[0],"5":[0,0],"6":[4,0],"7":[0],"8":[0],"9":[0,0],"10":[1,1],"11":[0,4],"12":[0,4],"13":[0,4],"14":[4,0],"15":[0,0],"16":[0,0],"17":[0,0]},"_coverageSchema":"1a1c01bbd47fc00a2c39e90264f33305004495a9","hash":"9bbd8a9ed16c6566ba47da8f8419b724a6c0ffa3"}
,"D:\\Work\\UXGENIE\\MentorPath AI\\server\\services\\fileService.js": {"path":"D:\\Work\\UXGENIE\\MentorPath AI\\server\\services\\fileService.js","statementMap":{"0":{"start":{"line":1,"column":12},"end":{"line":1,"column":32}},"1":{"start":{"line":2,"column":16},"end":{"line":2,"column":34}},"2":{"start":{"line":3,"column":11},"end":{"line":3,"column":33}},"3":{"start":{"line":4,"column":13},"end":{"line":4,"column":28}},"4":{"start":{"line":8,"column":4},"end":{"line":23,"column":5}},"5":{"start":{"line":9,"column":6},"end":{"line":19,"column":7}},"6":{"start":{"line":11,"column":10},"end":{"line":11,"column":57}},"7":{"start":{"line":15,"column":10},"end":{"line":15,"column":58}},"8":{"start":{"line":18,"column":10},"end":{"line":18,"column":64}},"9":{"start":{"line":21,"column":6},"end":{"line":21,"column":53}},"10":{"start":{"line":22,"column":6},"end":{"line":22,"column":76}},"11":{"start":{"line":27,"column":4},"end":{"line":33,"column":5}},"12":{"start":{"line":28,"column":25},"end":{"line":28,"column":52}},"13":{"start":{"line":29,"column":19},"end":{"line":29,"column":40}},"14":{"start":{"line":30,"column":6},"end":{"line":30,"column":23}},"15":{"start":{"line":32,"column":6},"end":{"line":32,"column":65}},"16":{"start":{"line":37,"column":4},"end":{"line":42,"column":5}},"17":{"start":{"line":38,"column":21},"end":{"line":38,"column":69}},"18":{"start":{"line":39,"column":6},"end":{"line":39,"column":26}},"19":{"start":{"line":41,"column":6},"end":{"line":41,"column":75}},"20":{"start":{"line":46,"column":4},"end":{"line":52,"column":5}},"21":{"start":{"line":47,"column":6},"end":{"line":47,"column":32}},"22":{"start":{"line":48,"column":6},"end":{"line":48,"column":50}},"23":{"start":{"line":50,"column":6},"end":{"line":50,"column":50}},"24":{"start":{"line":56,"column":4},"end":{"line":58,"column":5}},"25":{"start":{"line":57,"column":6},"end":{"line":57,"column":87}},"26":{"start":{"line":59,"column":4},"end":{"line":59,"column":16}},"27":{"start":{"line":63,"column":16},"end":{"line":63,"column":56}},"28":{"start":{"line":65,"column":20},"end":{"line":69,"column":5}},"29":{"start":{"line":71,"column":4},"end":{"line":71,"column":36}},"30":{"start":{"line":75,"column":0},"end":{"line":75,"column":35}}},"fnMap":{"0":{"name":"(anonymous_0)","decl":{"start":{"line":7,"column":2},"end":{"line":7,"column":3}},"loc":{"start":{"line":7,"column":48},"end":{"line":24,"column":3}},"line":7},"1":{"name":"(anonymous_1)","decl":{"start":{"line":26,"column":2},"end":{"line":26,"column":3}},"loc":{"start":{"line":26,"column":37},"end":{"line":34,"column":3}},"line":26},"2":{"name":"(anonymous_2)","decl":{"start":{"line":36,"column":2},"end":{"line":36,"column":3}},"loc":{"start":{"line":36,"column":38},"end":{"line":43,"column":3}},"line":36},"3":{"name":"(anonymous_3)","decl":{"start":{"line":45,"column":2},"end":{"line":45,"column":3}},"loc":{"start":{"line":45,"column":30},"end":{"line":53,"column":3}},"line":45},"4":{"name":"(anonymous_4)","decl":{"start":{"line":55,"column":2},"end":{"line":55,"column":3}},"loc":{"start":{"line":55,"column":57},"end":{"line":60,"column":3}},"line":55},"5":{"name":"(anonymous_5)","decl":{"start":{"line":62,"column":2},"end":{"line":62,"column":3}},"loc":{"start":{"line":62,"column":38},"end":{"line":72,"column":3}},"line":62}},"branchMap":{"0":{"loc":{"start":{"line":9,"column":6},"end":{"line":19,"column":7}},"type":"switch","locations":[{"start":{"line":10,"column":8},"end":{"line":11,"column":57}},{"start":{"line":13,"column":8},"end":{"line":13,"column":34}},{"start":{"line":14,"column":8},"end":{"line":15,"column":58}},{"start":{"line":17,"column":8},"end":{"line":18,"column":64}}],"line":9},"1":{"loc":{"start":{"line":55,"column":29},"end":{"line":55,"column":55}},"type":"default-arg","locations":[{"start":{"line":55,"column":39},"end":{"line":55,"column":55}}],"line":55},"2":{"loc":{"start":{"line":56,"column":4},"end":{"line":58,"column":5}},"type":"if","locations":[{"start":{"line":56,"column":4},"end":{"line":58,"column":5}},{"start":{},"end":{}}],"line":56},"3":{"loc":{"start":{"line":71,"column":11},"end":{"line":71,"column":35}},"type":"binary-expr","locations":[{"start":{"line":71,"column":11},"end":{"line":71,"column":23}},{"start":{"line":71,"column":27},"end":{"line":71,"column":35}}],"line":71}},"s":{"0":3,"1":3,"2":3,"3":3,"4":0,"5":0,"6":0,"7":0,"8":0,"9":0,"10":0,"11":0,"12":0,"13":0,"14":0,"15":0,"16":0,"17":0,"18":0,"19":0,"20":0,"21":0,"22":0,"23":0,"24":0,"25":0,"26":0,"27":0,"28":0,"29":0,"30":3},"f":{"0":0,"1":0,"2":0,"3":0,"4":0,"5":0},"b":{"0":[0,0,0,0],"1":[0],"2":[0,0],"3":[0,0]},"_coverageSchema":"1a1c01bbd47fc00a2c39e90264f33305004495a9","hash":"332deb7e00cf69e5326a6f113919867a198685c4"}
}
