TN:
SF:app.js
FN:47,(anonymous_0)
FN:63,(anonymous_1)
FN:71,(anonymous_2)
FN:76,(anonymous_3)
FNF:4
FNH:1
FNDA:0,(anonymous_0)
FNDA:1,(anonymous_1)
FNDA:0,(anonymous_2)
FNDA:0,(anonymous_3)
DA:1,3
DA:2,3
DA:3,3
DA:4,3
DA:5,3
DA:6,3
DA:7,3
DA:10,3
DA:11,3
DA:12,3
DA:14,3
DA:20,3
DA:21,3
DA:24,3
DA:32,3
DA:35,3
DA:36,3
DA:39,3
DA:47,3
DA:48,0
DA:58,3
DA:59,3
DA:60,3
DA:63,3
DA:64,1
DA:71,3
DA:72,0
DA:75,0
DA:76,0
DA:77,0
DA:85,0
DA:86,0
DA:87,0
DA:94,0
DA:95,0
DA:97,0
DA:104,3
LF:37
LH:26
BRDA:40,0,0,0
BRDA:40,0,1,3
BRDA:75,1,0,0
BRDA:75,1,1,0
BRDA:85,2,0,0
BRDA:85,2,1,0
BRDA:94,3,0,0
BRDA:94,3,1,0
BRDA:95,4,0,0
BRDA:95,4,1,0
BRDA:100,5,0,0
BRDA:100,5,1,0
BRF:12
BRH:1
end_of_record
TN:
SF:config\database.js
FN:3,(anonymous_0)
FN:13,(anonymous_1)
FN:17,(anonymous_2)
FN:22,(anonymous_3)
FNF:4
FNH:0
FNDA:0,(anonymous_0)
FNDA:0,(anonymous_1)
FNDA:0,(anonymous_2)
FNDA:0,(anonymous_3)
DA:1,3
DA:3,3
DA:4,0
DA:5,0
DA:10,0
DA:13,0
DA:14,0
DA:17,0
DA:18,0
DA:22,0
DA:23,0
DA:24,0
DA:25,0
DA:29,0
DA:30,0
DA:34,3
LF:16
LH:3
BRF:0
BRH:0
end_of_record
TN:
SF:controllers\chatController.js
FN:4,(anonymous_0)
FN:72,(anonymous_1)
FN:100,(anonymous_2)
FN:125,(anonymous_3)
FN:162,(anonymous_4)
FNF:5
FNH:1
FNDA:4,(anonymous_0)
FNDA:0,(anonymous_1)
FNDA:0,(anonymous_2)
FNDA:0,(anonymous_3)
FNDA:0,(anonymous_4)
DA:1,3
DA:2,3
DA:4,3
DA:5,4
DA:6,4
DA:7,4
DA:12,4
DA:13,1
DA:16,4
DA:17,3
DA:18,3
DA:28,4
DA:31,4
DA:32,4
DA:38,4
DA:41,4
DA:47,4
DA:51,4
DA:53,4
DA:64,0
DA:65,0
DA:72,3
DA:73,0
DA:74,0
DA:76,0
DA:78,0
DA:79,0
DA:85,0
DA:92,0
DA:93,0
DA:100,3
DA:101,0
DA:102,0
DA:104,0
DA:110,0
DA:117,0
DA:118,0
DA:125,3
DA:126,0
DA:127,0
DA:128,0
DA:130,0
DA:132,0
DA:133,0
DA:140,0
DA:141,0
DA:142,0
DA:143,0
DA:145,0
DA:147,0
DA:154,0
DA:155,0
DA:162,3
DA:163,0
DA:164,0
DA:166,0
DA:168,0
DA:169,0
DA:175,0
DA:177,0
DA:182,0
DA:183,0
LF:62
LH:23
BRDA:6,0,0,4
BRDA:12,1,0,1
BRDA:12,1,1,3
BRDA:16,2,0,3
BRDA:16,2,1,1
BRDA:20,3,0,0
BRDA:20,3,1,3
BRDA:21,4,0,3
BRDA:21,4,1,3
BRDA:23,5,0,3
BRDA:23,5,1,3
BRDA:48,6,0,4
BRDA:48,6,1,3
BRDA:67,7,0,0
BRDA:67,7,1,0
BRDA:78,8,0,0
BRDA:78,8,1,0
BRDA:105,9,0,0
BRDA:105,9,1,0
BRDA:106,10,0,0
BRDA:106,10,1,0
BRDA:107,11,0,0
BRDA:107,11,1,0
BRDA:132,12,0,0
BRDA:132,12,1,0
BRDA:140,13,0,0
BRDA:140,13,1,0
BRDA:141,14,0,0
BRDA:141,14,1,0
BRDA:142,15,0,0
BRDA:142,15,1,0
BRDA:143,16,0,0
BRDA:143,16,1,0
BRDA:168,17,0,0
BRDA:168,17,1,0
BRF:35
BRH:12
end_of_record
TN:
SF:controllers\cvController.js
FN:6,(anonymous_0)
FN:83,(anonymous_1)
FN:111,(anonymous_2)
FN:135,(anonymous_3)
FN:171,enhanceAnalysis
FN:176,(anonymous_5)
FN:177,(anonymous_6)
FN:181,(anonymous_7)
FN:193,(anonymous_8)
FNF:9
FNH:1
FNDA:1,(anonymous_0)
FNDA:0,(anonymous_1)
FNDA:0,(anonymous_2)
FNDA:0,(anonymous_3)
FNDA:0,enhanceAnalysis
FNDA:0,(anonymous_5)
FNDA:0,(anonymous_6)
FNDA:0,(anonymous_7)
FNDA:0,(anonymous_8)
DA:1,3
DA:2,3
DA:3,3
DA:4,3
DA:6,3
DA:7,1
DA:8,1
DA:9,1
DA:15,0
DA:18,0
DA:23,0
DA:24,0
DA:25,0
DA:32,0
DA:33,0
DA:36,0
DA:39,0
DA:52,0
DA:55,0
DA:57,0
DA:69,0
DA:72,0
DA:73,0
DA:76,0
DA:83,3
DA:84,0
DA:85,0
DA:87,0
DA:89,0
DA:90,0
DA:96,0
DA:103,0
DA:104,0
DA:111,3
DA:112,0
DA:113,0
DA:115,0
DA:119,0
DA:127,0
DA:128,0
DA:135,3
DA:136,0
DA:137,0
DA:139,0
DA:144,0
DA:145,0
DA:152,0
DA:155,0
DA:157,0
DA:162,0
DA:163,0
DA:175,0
DA:176,0
DA:177,0
DA:178,0
DA:181,0
DA:191,0
DA:193,0
LF:58
LH:11
BRDA:8,0,0,1
BRDA:8,0,1,0
BRDA:23,1,0,0
BRDA:23,1,1,0
BRDA:23,2,0,0
BRDA:23,2,1,0
BRDA:72,3,0,0
BRDA:72,3,1,0
BRDA:78,4,0,0
BRDA:78,4,1,0
BRDA:89,5,0,0
BRDA:89,5,1,0
BRDA:144,6,0,0
BRDA:144,6,1,0
BRF:14
BRH:1
end_of_record
TN:
SF:controllers\jobController.js
FN:4,(anonymous_0)
FN:80,(anonymous_1)
FN:112,(anonymous_2)
FN:141,(anonymous_3)
FN:153,(anonymous_4)
FN:192,(anonymous_5)
FN:239,(anonymous_6)
FN:279,countDistribution
FN:280,(anonymous_8)
FNF:9
FNH:1
FNDA:1,(anonymous_0)
FNDA:0,(anonymous_1)
FNDA:0,(anonymous_2)
FNDA:0,(anonymous_3)
FNDA:0,(anonymous_4)
FNDA:0,(anonymous_5)
FNDA:0,(anonymous_6)
FNDA:0,countDistribution
FNDA:0,(anonymous_8)
DA:1,3
DA:2,3
DA:4,3
DA:5,1
DA:19,1
DA:22,1
DA:25,1
DA:26,0
DA:30,1
DA:31,0
DA:35,1
DA:36,0
DA:40,1
DA:41,0
DA:45,1
DA:46,0
DA:50,1
DA:51,0
DA:55,1
DA:56,0
DA:57,0
DA:58,0
DA:60,0
DA:67,1
DA:68,1
DA:71,1
DA:76,1
DA:79,1
DA:80,0
DA:83,1
DA:104,0
DA:105,0
DA:112,3
DA:113,0
DA:114,0
DA:116,0
DA:117,0
DA:124,0
DA:126,0
DA:133,0
DA:134,0
DA:141,3
DA:142,0
DA:143,0
DA:144,0
DA:146,0
DA:148,0
DA:151,0
DA:153,0
DA:156,0
DA:170,0
DA:171,0
DA:177,0
DA:184,0
DA:185,0
DA:192,3
DA:193,0
DA:194,0
DA:210,0
DA:224,0
DA:231,0
DA:232,0
DA:239,3
DA:240,0
DA:241,0
DA:243,0
DA:245,0
DA:246,0
DA:249,0
DA:250,0
DA:253,0
DA:254,0
DA:257,0
DA:262,0
DA:270,0
DA:271,0
DA:280,0
DA:281,0
DA:282,0
LF:79
LH:23
BRDA:7,0,0,1
BRDA:8,1,0,1
BRDA:17,2,0,1
BRDA:18,3,0,1
BRDA:25,4,0,0
BRDA:25,4,1,1
BRDA:30,5,0,0
BRDA:30,5,1,1
BRDA:35,6,0,0
BRDA:35,6,1,1
BRDA:40,7,0,0
BRDA:40,7,1,1
BRDA:45,8,0,0
BRDA:45,8,1,1
BRDA:50,9,0,0
BRDA:50,9,1,1
BRDA:55,10,0,0
BRDA:55,10,1,1
BRDA:55,11,0,1
BRDA:55,11,1,1
BRDA:57,12,0,0
BRDA:57,12,1,0
BRDA:58,13,0,0
BRDA:58,13,1,0
BRDA:68,14,0,1
BRDA:68,14,1,0
BRDA:116,15,0,0
BRDA:116,15,1,0
BRDA:116,16,0,0
BRDA:116,16,1,0
BRDA:146,17,0,0
BRDA:146,17,1,0
BRDA:151,18,0,0
BRDA:151,18,1,0
BRDA:151,19,0,0
BRDA:151,19,1,0
BRDA:170,20,0,0
BRDA:170,20,1,0
BRDA:210,21,0,0
BRDA:210,21,1,0
BRDA:245,22,0,0
BRDA:245,22,1,0
BRDA:249,23,0,0
BRDA:249,23,1,0
BRDA:253,24,0,0
BRDA:253,24,1,0
BRDA:281,25,0,0
BRDA:281,25,1,0
BRF:48
BRH:14
end_of_record
TN:
SF:middleware\upload.js
FN:13,(anonymous_0)
FN:16,(anonymous_1)
FN:25,(anonymous_2)
FN:50,(anonymous_3)
FNF:4
FNH:0
FNDA:0,(anonymous_0)
FNDA:0,(anonymous_1)
FNDA:0,(anonymous_2)
FNDA:0,(anonymous_3)
DA:1,3
DA:2,3
DA:3,3
DA:6,3
DA:7,3
DA:8,0
DA:12,3
DA:14,0
DA:18,0
DA:19,0
DA:20,0
DA:25,3
DA:27,0
DA:33,0
DA:34,0
DA:36,0
DA:41,3
DA:50,3
DA:51,0
DA:52,0
DA:53,0
DA:58,0
DA:59,0
DA:64,0
DA:65,0
DA:70,0
DA:73,3
LF:27
LH:10
BRDA:6,0,0,3
BRDA:6,0,1,0
BRDA:7,1,0,0
BRDA:7,1,1,3
BRDA:33,2,0,0
BRDA:33,2,1,0
BRDA:44,3,0,3
BRDA:44,3,1,0
BRDA:51,4,0,0
BRDA:51,4,1,0
BRDA:52,5,0,0
BRDA:52,5,1,0
BRDA:58,6,0,0
BRDA:58,6,1,0
BRDA:64,7,0,0
BRDA:64,7,1,0
BRF:16
BRH:3
end_of_record
TN:
SF:models\CV.js
FN:156,(anonymous_0)
FN:165,(anonymous_1)
FNF:2
FNH:0
FNDA:0,(anonymous_0)
FNDA:0,(anonymous_1)
DA:1,3
DA:3,3
DA:27,3
DA:57,3
DA:151,3
DA:152,3
DA:153,3
DA:156,3
DA:157,0
DA:158,0
DA:159,0
DA:160,0
DA:161,0
DA:165,3
DA:166,0
DA:169,3
LF:16
LH:10
BRDA:159,0,0,0
BRDA:159,0,1,0
BRF:2
BRH:0
end_of_record
TN:
SF:models\Chat.js
FN:81,(anonymous_0)
FN:86,(anonymous_1)
FN:98,(anonymous_2)
FNF:3
FNH:2
FNDA:0,(anonymous_0)
FNDA:8,(anonymous_1)
FNDA:3,(anonymous_2)
DA:1,3
DA:3,3
DA:23,3
DA:78,3
DA:81,3
DA:82,0
DA:86,3
DA:87,8
DA:93,8
DA:94,8
DA:98,3
DA:99,3
DA:102,3
LF:13
LH:12
BRDA:82,0,0,0
BRDA:82,0,1,0
BRDA:86,1,0,4
BRF:3
BRH:1
end_of_record
TN:
SF:models\Job.js
FN:100,(anonymous_0)
FN:103,(anonymous_1)
FN:118,(anonymous_2)
FN:124,(anonymous_3)
FNF:4
FNH:0
FNDA:0,(anonymous_0)
FNDA:0,(anonymous_1)
FNDA:0,(anonymous_2)
FNDA:0,(anonymous_3)
DA:1,3
DA:3,3
DA:91,3
DA:92,3
DA:93,3
DA:94,3
DA:95,3
DA:96,3
DA:97,3
DA:100,3
DA:101,0
DA:103,0
DA:104,0
DA:105,0
DA:108,0
DA:109,0
DA:110,0
DA:111,0
DA:113,0
DA:118,3
DA:119,0
DA:120,0
DA:124,3
DA:125,0
DA:135,3
LF:25
LH:13
BRDA:101,0,0,0
BRDA:101,0,1,0
BRDA:101,1,0,0
BRDA:101,1,1,0
BRDA:104,2,0,0
BRDA:104,2,1,0
BRDA:108,3,0,0
BRDA:108,3,1,0
BRDA:108,4,0,0
BRDA:108,4,1,0
BRDA:110,5,0,0
BRDA:110,5,1,0
BRF:12
BRH:0
end_of_record
TN:
SF:models\User.js
FN:17,(anonymous_0)
FN:76,(anonymous_1)
FN:84,(anonymous_2)
FN:89,(anonymous_3)
FNF:4
FNH:2
FNDA:8,(anonymous_0)
FNDA:8,(anonymous_1)
FNDA:0,(anonymous_2)
FNDA:0,(anonymous_3)
DA:1,2
DA:2,2
DA:4,2
DA:18,8
DA:72,2
DA:73,2
DA:76,2
DA:77,8
DA:79,8
DA:80,8
DA:84,2
DA:85,0
DA:89,2
DA:90,0
DA:91,0
DA:94,2
LF:16
LH:13
BRDA:77,0,0,0
BRDA:77,0,1,8
BRF:2
BRH:1
end_of_record
TN:
SF:routes\chat.js
FNF:0
FNH:0
DA:1,3
DA:2,3
DA:3,3
DA:6,3
DA:9,3
DA:12,3
DA:15,3
DA:18,3
DA:20,3
LF:9
LH:9
BRF:0
BRH:0
end_of_record
TN:
SF:routes\cv.js
FNF:0
FNH:0
DA:1,3
DA:2,3
DA:3,3
DA:4,3
DA:7,3
DA:10,3
DA:13,3
DA:16,3
DA:18,3
LF:9
LH:9
BRF:0
BRH:0
end_of_record
TN:
SF:routes\jobs.js
FNF:0
FNH:0
DA:1,3
DA:2,3
DA:3,3
DA:6,3
DA:9,3
DA:12,3
DA:15,3
DA:18,3
DA:20,3
LF:9
LH:9
BRF:0
BRH:0
end_of_record
TN:
SF:services\aiService.js
FN:4,(anonymous_0)
FN:10,(anonymous_1)
FN:27,(anonymous_2)
FN:50,(anonymous_3)
FN:74,(anonymous_4)
FN:103,(anonymous_5)
FN:145,(anonymous_6)
FN:151,(anonymous_7)
FN:163,(anonymous_8)
FN:177,(anonymous_9)
FN:199,(anonymous_10)
FN:216,(anonymous_11)
FN:230,(anonymous_12)
FN:231,(anonymous_13)
FN:252,(anonymous_14)
FN:263,(anonymous_15)
FN:268,(anonymous_16)
FNF:17
FNH:7
FNDA:3,(anonymous_0)
FNDA:0,(anonymous_1)
FNDA:4,(anonymous_2)
FNDA:0,(anonymous_3)
FNDA:0,(anonymous_4)
FNDA:0,(anonymous_5)
FNDA:4,(anonymous_6)
FNDA:2,(anonymous_7)
FNDA:4,(anonymous_8)
FNDA:4,(anonymous_9)
FNDA:0,(anonymous_10)
FNDA:0,(anonymous_11)
FNDA:0,(anonymous_12)
FNDA:0,(anonymous_13)
FNDA:4,(anonymous_14)
FNDA:0,(anonymous_15)
FNDA:0,(anonymous_16)
DA:1,3
DA:5,3
DA:6,3
DA:7,3
DA:11,0
DA:13,0
DA:14,0
DA:15,0
DA:17,0
DA:19,0
DA:20,0
DA:23,0
DA:28,4
DA:30,4
DA:31,4
DA:32,0
DA:37,4
DA:39,4
DA:40,4
DA:46,0
DA:51,0
DA:65,0
DA:66,0
DA:67,0
DA:69,0
DA:70,0
DA:75,0
DA:93,0
DA:94,0
DA:95,0
DA:97,0
DA:98,0
DA:104,0
DA:106,0
DA:146,4
DA:151,4
DA:156,4
DA:164,4
DA:166,4
DA:167,0
DA:170,4
DA:171,0
DA:174,4
DA:178,4
DA:179,0
DA:182,4
DA:196,0
DA:200,0
DA:201,0
DA:204,0
DA:205,0
DA:208,0
DA:210,0
DA:211,0
DA:217,0
DA:220,0
DA:227,0
DA:228,0
DA:230,0
DA:231,0
DA:232,0
DA:233,0
DA:243,0
DA:253,4
DA:260,4
DA:265,0
DA:270,0
DA:285,0
DA:293,3
LF:69
LH:22
BRDA:6,0,0,3
BRDA:6,0,1,0
BRDA:10,1,0,0
BRDA:19,2,0,0
BRDA:19,2,1,0
BRDA:27,3,0,0
BRDA:27,4,0,0
BRDA:34,5,0,0
BRDA:34,5,1,0
BRDA:39,6,0,4
BRDA:39,6,1,0
BRDA:74,7,0,0
BRDA:74,8,0,0
BRDA:104,9,0,0
BRDA:104,9,1,0
BRDA:152,10,0,1
BRDA:152,10,1,1
BRDA:166,11,0,0
BRDA:166,11,1,4
BRDA:170,12,0,0
BRDA:170,12,1,4
BRDA:178,13,0,0
BRDA:178,13,1,4
BRDA:184,14,0,4
BRDA:184,14,1,0
BRDA:204,15,0,0
BRDA:204,15,1,0
BRDA:204,16,0,0
BRDA:204,16,1,0
BRDA:232,17,0,0
BRDA:232,17,1,0
BRF:31
BRH:8
end_of_record
TN:
SF:services\fileService.js
FN:7,(anonymous_0)
FN:26,(anonymous_1)
FN:36,(anonymous_2)
FN:45,(anonymous_3)
FN:55,(anonymous_4)
FN:62,(anonymous_5)
FNF:6
FNH:0
FNDA:0,(anonymous_0)
FNDA:0,(anonymous_1)
FNDA:0,(anonymous_2)
FNDA:0,(anonymous_3)
FNDA:0,(anonymous_4)
FNDA:0,(anonymous_5)
DA:1,3
DA:2,3
DA:3,3
DA:4,3
DA:8,0
DA:9,0
DA:11,0
DA:15,0
DA:18,0
DA:21,0
DA:22,0
DA:27,0
DA:28,0
DA:29,0
DA:30,0
DA:32,0
DA:37,0
DA:38,0
DA:39,0
DA:41,0
DA:46,0
DA:47,0
DA:48,0
DA:50,0
DA:56,0
DA:57,0
DA:59,0
DA:63,0
DA:65,0
DA:71,0
DA:75,3
LF:31
LH:5
BRDA:9,0,0,0
BRDA:9,0,1,0
BRDA:9,0,2,0
BRDA:9,0,3,0
BRDA:55,1,0,0
BRDA:56,2,0,0
BRDA:56,2,1,0
BRDA:71,3,0,0
BRDA:71,3,1,0
BRF:9
BRH:0
end_of_record
